[    0.000000] Linux version 4.15.0-140-generic (buildd@lgw01-amd64-054) (gcc version 7.5.0 (Ubuntu 7.5.0-3ubuntu1~18.04)) #144-Ubuntu SMP Fri Mar 19 14:12:35 UTC 2021 (Ubuntu 4.15.0-140.144-generic 4.15.18)
[    0.000000] Command line: BOOT_IMAGE=/boot/vmlinuz-4.15.0-140-generic root=LABEL=cloudimg-rootfs ro console=tty1 console=ttyS0
[    0.000000] KERNEL supported cpus:
[    0.000000]   Intel GenuineIntel
[    0.000000]   AMD AuthenticAMD
[    0.000000]   Centaur CentaurHauls
[    0.000000] x86/fpu: x87 FPU will use FXSAVE
[    0.000000] e820: BIOS-provided physical RAM map:
[    0.000000] BIOS-e820: [mem 0x0000000000000000-0x000000000009fbff] usable
[    0.000000] BIOS-e820: [mem 0x000000000009fc00-0x000000000009ffff] reserved
[    0.000000] BIOS-e820: [mem 0x00000000000f0000-0x00000000000fffff] reserved
[    0.000000] BIOS-e820: [mem 0x0000000000100000-0x000000003ffeffff] usable
[    0.000000] BIOS-e820: [mem 0x000000003fff0000-0x000000003fffffff] ACPI data
[    0.000000] BIOS-e820: [mem 0x00000000fec00000-0x00000000fec00fff] reserved
[    0.000000] BIOS-e820: [mem 0x00000000fee00000-0x00000000fee00fff] reserved
[    0.000000] BIOS-e820: [mem 0x00000000fffc0000-0x00000000ffffffff] reserved
[    0.000000] NX (Execute Disable) protection: active
[    0.000000] SMBIOS 2.5 present.
[    0.000000] DMI: innotek GmbH VirtualBox/VirtualBox, BIOS VirtualBox 12/01/2006
[    0.000000] Hypervisor detected: KVM
[    0.000000] e820: last_pfn = 0x3fff0 max_arch_pfn = 0x400000000
[    0.000000] MTRR: Disabled
[    0.000000] x86/PAT: MTRRs disabled, skipping PAT initialization too.
[    0.000000] CPU MTRRs all blank - virtualized system.
[    0.000000] x86/PAT: Configuration [0-7]: WB  WT  UC- UC  WB  WT  UC- UC  
[    0.000000] found SMP MP-table at [mem 0x0009fff0-0x0009ffff]
[    0.000000] Scanning 1 areas for low memory corruption
[    0.000000] RAMDISK: [mem 0x35a63000-0x36d28fff]
[    0.000000] ACPI: Early table checksum verification disabled
[    0.000000] ACPI: RSDP 0x00000000000E0000 000024 (v02 VBOX  )
[    0.000000] ACPI: XSDT 0x000000003FFF0030 00003C (v01 VBOX   VBOXXSDT 00000001 ASL  00000061)
[    0.000000] ACPI: FACP 0x000000003FFF00F0 0000F4 (v04 VBOX   VBOXFACP 00000001 ASL  00000061)
[    0.000000] ACPI: DSDT 0x000000003FFF0470 002325 (v02 VBOX   VBOXBIOS 00000002 INTL 20100528)
[    0.000000] ACPI: FACS 0x000000003FFF0200 000040
[    0.000000] ACPI: FACS 0x000000003FFF0200 000040
[    0.000000] ACPI: APIC 0x000000003FFF0240 00005C (v02 VBOX   VBOXAPIC 00000001 ASL  00000061)
[    0.000000] ACPI: SSDT 0x000000003FFF02A0 0001CC (v01 VBOX   VBOXCPUT 00000002 INTL 20100528)
[    0.000000] No NUMA configuration found
[    0.000000] Faking a node at [mem 0x0000000000000000-0x000000003ffeffff]
[    0.000000] NODE_DATA(0) allocated [mem 0x3ffc5000-0x3ffeffff]
[    0.000000] kvm-clock: cpu 0, msr 0:3ff44001, primary cpu clock
[    0.000000] kvm-clock: Using msrs 4b564d01 and 4b564d00
[    0.000000] kvm-clock: using sched offset of 6423836208 cycles
[    0.000000] clocksource: kvm-clock: mask: 0xffffffffffffffff max_cycles: 0x1cd42e4dffb, max_idle_ns: 881590591483 ns
[    0.000000] Zone ranges:
[    0.000000]   DMA      [mem 0x0000000000001000-0x0000000000ffffff]
[    0.000000]   DMA32    [mem 0x0000000001000000-0x000000003ffeffff]
[    0.000000]   Normal   empty
[    0.000000]   Device   empty
[    0.000000] Movable zone start for each node
[    0.000000] Early memory node ranges
[    0.000000]   node   0: [mem 0x0000000000001000-0x000000000009efff]
[    0.000000]   node   0: [mem 0x0000000000100000-0x000000003ffeffff]
[    0.000000] Reserved but unavailable: 98 pages
[    0.000000] Initmem setup node 0 [mem 0x0000000000001000-0x000000003ffeffff]
[    0.000000] ACPI: PM-Timer IO Port: 0x4008
[    0.000000] IOAPIC[0]: apic_id 2, version 32, address 0xfec00000, GSI 0-23
[    0.000000] ACPI: INT_SRC_OVR (bus 0 bus_irq 0 global_irq 2 dfl dfl)
[    0.000000] ACPI: INT_SRC_OVR (bus 0 bus_irq 9 global_irq 9 low level)
[    0.000000] Using ACPI (MADT) for SMP configuration information
[    0.000000] smpboot: Allowing 2 CPUs, 0 hotplug CPUs
[    0.000000] PM: Registered nosave memory: [mem 0x00000000-0x00000fff]
[    0.000000] PM: Registered nosave memory: [mem 0x0009f000-0x0009ffff]
[    0.000000] PM: Registered nosave memory: [mem 0x000a0000-0x000effff]
[    0.000000] PM: Registered nosave memory: [mem 0x000f0000-0x000fffff]
[    0.000000] e820: [mem 0x40000000-0xfebfffff] available for PCI devices
[    0.000000] Booting paravirtualized kernel on KVM
[    0.000000] clocksource: refined-jiffies: mask: 0xffffffff max_cycles: 0xffffffff, max_idle_ns: 7645519600211568 ns
[    0.000000] random: get_random_bytes called from start_kernel+0x99/0x500 with crng_init=0
[    0.000000] setup_percpu: NR_CPUS:8192 nr_cpumask_bits:2 nr_cpu_ids:2 nr_node_ids:1
[    0.000000] percpu: Embedded 45 pages/cpu s147456 r8192 d28672 u1048576
[    0.000000] PV qspinlock hash table entries: 256 (order: 0, 4096 bytes)
[    0.000000] Built 1 zonelists, mobility grouping on.  Total pages: 257913
[    0.000000] Policy zone: DMA32
[    0.000000] Kernel command line: BOOT_IMAGE=/boot/vmlinuz-4.15.0-140-generic root=LABEL=cloudimg-rootfs ro console=tty1 console=ttyS0
[    0.000000] Memory: 983020K/1048120K available (12300K kernel code, 2483K rwdata, 4276K rodata, 2440K init, 2724K bss, 65100K reserved, 0K cma-reserved)
[    0.000000] SLUB: HWalign=64, Order=0-3, MinObjects=0, CPUs=2, Nodes=1
[    0.000000] Kernel/User page tables isolation: enabled
[    0.000000] ftrace: allocating 39429 entries in 155 pages
[    0.004000] Hierarchical RCU implementation.
[    0.004000] 	RCU restricting CPUs from NR_CPUS=8192 to nr_cpu_ids=2.
[    0.004000] 	Tasks RCU enabled.
[    0.004000] RCU: Adjusting geometry for rcu_fanout_leaf=16, nr_cpu_ids=2
[    0.004000] NR_IRQS: 524544, nr_irqs: 440, preallocated irqs: 16
[    0.004000] Console: colour VGA+ 80x25
[    0.004000] console [tty1] enabled
[    0.004000] console [ttyS0] enabled
[    0.004000] ACPI: Core revision 20170831
[    0.004000] ACPI: 2 ACPI AML tables successfully acquired and loaded
[    0.004000] APIC: Switch to symmetric I/O mode setup
[    0.004000] ..TIMER: vector=0x30 apic1=0 pin1=2 apic2=-1 pin2=-1
[    0.004012] tsc: Detected 2303.998 MHz processor
[    0.008015] Calibrating delay loop (skipped) preset value.. 4607.99 BogoMIPS (lpj=9215992)
[    0.012008] pid_max: default: 32768 minimum: 301
[    0.016159] Security Framework initialized
[    0.020010] Yama: becoming mindful.
[    0.024152] AppArmor: AppArmor initialized
[    0.045887] Dentry cache hash table entries: 131072 (order: 8, 1048576 bytes)
[    0.054603] Inode-cache hash table entries: 65536 (order: 7, 524288 bytes)
[    0.056143] Mount-cache hash table entries: 2048 (order: 2, 16384 bytes)
[    0.060117] Mountpoint-cache hash table entries: 2048 (order: 2, 16384 bytes)
[    0.068279] Last level iTLB entries: 4KB 64, 2MB 8, 4MB 8
[    0.072009] Last level dTLB entries: 4KB 64, 2MB 0, 4MB 0, 1GB 4
[    0.076009] Spectre V1 : Mitigation: usercopy/swapgs barriers and __user pointer sanitization
[    0.080008] Spectre V2 : Mitigation: Full generic retpoline
[    0.088007] Spectre V2 : Spectre v2 / SpectreRSB mitigation: Filling RSB on context switch
[    0.093336] Speculative Store Bypass: Vulnerable
[    0.096075] MDS: Mitigation: Clear CPU buffers
[    0.100290] Freeing SMP alternatives memory: 36K
[    0.228783] APIC calibration not consistent with PM-Timer: 103ms instead of 100ms
[    0.232000] APIC delta adjusted to PM-Timer: 6317863 (6548972)
[    0.232892] smpboot: CPU0: Intel(R) Core(TM) i3-7020U CPU @ 2.30GHz (family: 0x6, model: 0x8e, stepping: 0xa)
[    0.236714] Performance Events: unsupported p6 CPU model 142 no PMU driver, software events only.
[    0.240236] Hierarchical SRCU implementation.
[    0.245306] NMI watchdog: Perf event create on CPU 0 failed with -2
[    0.248007] NMI watchdog: Perf NMI watchdog permanently disabled
[    0.252790] smp: Bringing up secondary CPUs ...
[    0.261051] x86: Booting SMP configuration:
[    0.264008] .... node  #0, CPUs:      #1
[    0.004000] kvm-clock: cpu 1, msr 0:3ff44041, secondary cpu clock
[    0.276000] TSC synchronization [CPU#0 -> CPU#1]:
[    0.276000] Measured 90488 cycles TSC warp between CPUs, turning off TSC clock.
[    0.276000] tsc: Marking TSC unstable due to check_tsc_sync_source failed
[    0.280296] smp: Brought up 1 node, 2 CPUs
[    0.284012] smpboot: Max logical packages: 1
[    0.288008] smpboot: Total of 2 processors activated (9215.99 BogoMIPS)
[    0.300285] devtmpfs: initialized
[    0.304165] x86/mm: Memory block size: 128MB
[    0.308681] evm: security.selinux
[    0.312004] evm: security.SMACK64
[    0.316011] evm: security.SMACK64EXEC
[    0.320007] evm: security.SMACK64TRANSMUTE
[    0.324004] evm: security.SMACK64MMAP
[    0.328004] evm: security.apparmor
[    0.332006] evm: security.ima
[    0.336005] evm: security.capability
[    0.340511] clocksource: jiffies: mask: 0xffffffff max_cycles: 0xffffffff, max_idle_ns: 7645041785100000 ns
[    0.348199] futex hash table entries: 512 (order: 3, 32768 bytes)
[    0.352279] pinctrl core: initialized pinctrl subsystem
[    0.356424] RTC time: 14:03:45, date: 04/07/21
[    0.364612] NET: Registered protocol family 16
[    0.368187] audit: initializing netlink subsys (disabled)
[    0.376242] audit: type=2000 audit(1617804232.722:1): state=initialized audit_enabled=0 res=1
[    0.392140] cpuidle: using governor ladder
[    0.396019] cpuidle: using governor menu
[    0.400063] ACPI: bus type PCI registered
[    0.408007] acpiphp: ACPI Hot Plug PCI Controller Driver version: 0.5
[    0.412766] PCI: Using configuration type 1 for base access
[    0.424568] HugeTLB registered 2.00 MiB page size, pre-allocated 0 pages
[    0.436760] ACPI: Added _OSI(Module Device)
[    0.440005] ACPI: Added _OSI(Processor Device)
[    0.448008] ACPI: Added _OSI(3.0 _SCP Extensions)
[    0.452008] ACPI: Added _OSI(Processor Aggregator Device)
[    0.456014] ACPI: Added _OSI(Linux-Dell-Video)
[    0.460010] ACPI: Added _OSI(Linux-Lenovo-NV-HDMI-Audio)
[    0.464008] ACPI: Added _OSI(Linux-HPI-Hybrid-Graphics)
[    0.472205] ACPI: Executed 1 blocks of module-level executable AML code
[    0.485033] ACPI: Interpreter enabled
[    0.488030] ACPI: (supports S0 S5)
[    0.492030] ACPI: Using IOAPIC for interrupt routing
[    0.496618] PCI: Using host bridge windows from ACPI; if necessary, use "pci=nocrs" and report a bug
[    0.500435] ACPI: Enabled 2 GPEs in block 00 to 07
[    0.525539] ACPI: PCI Root Bridge [PCI0] (domain 0000 [bus 00-ff])
[    0.528019] acpi PNP0A03:00: _OSC: OS supports [ASPM ClockPM Segments MSI]
[    0.533141] acpi PNP0A03:00: _OSC: not requesting OS control; OS requires [ExtendedConfig ASPM ClockPM MSI]
[    0.536030] acpi PNP0A03:00: fail to add MMCONFIG information, can't access extended PCI configuration space under this bridge.
[    0.540981] PCI host bridge to bus 0000:00
[    0.544008] pci_bus 0000:00: root bus resource [io  0x0000-0x0cf7 window]
[    0.548010] pci_bus 0000:00: root bus resource [io  0x0d00-0xffff window]
[    0.552018] pci_bus 0000:00: root bus resource [mem 0x000a0000-0x000bffff window]
[    0.556012] pci_bus 0000:00: root bus resource [mem 0x40000000-0xfdffffff window]
[    0.560029] pci_bus 0000:00: root bus resource [bus 00-ff]
[    0.574585] pci 0000:00:01.1: legacy IDE quirk: reg 0x10: [io  0x01f0-0x01f7]
[    0.576006] pci 0000:00:01.1: legacy IDE quirk: reg 0x14: [io  0x03f6]
[    0.580010] pci 0000:00:01.1: legacy IDE quirk: reg 0x18: [io  0x0170-0x0177]
[    0.584013] pci 0000:00:01.1: legacy IDE quirk: reg 0x1c: [io  0x0376]
[    0.664948] pci 0000:00:07.0: quirk: [io  0x4000-0x403f] claimed by PIIX4 ACPI
[    0.688100] pci 0000:00:07.0: quirk: [io  0x4100-0x410f] claimed by PIIX4 SMB
[    0.729045] ACPI: PCI Interrupt Link [LNKA] (IRQs 5 9 10 *11)
[    0.753030] ACPI: PCI Interrupt Link [LNKB] (IRQs 5 9 *10 11)
[    0.776299] ACPI: PCI Interrupt Link [LNKC] (IRQs 5 *9 10 11)
[    0.796396] ACPI: PCI Interrupt Link [LNKD] (IRQs 5 9 10 *11)
[    0.820293] SCSI subsystem initialized
[    0.836365] pci 0000:00:02.0: vgaarb: setting as boot VGA device
[    0.840000] pci 0000:00:02.0: vgaarb: VGA device added: decodes=io+mem,owns=io+mem,locks=none
[    0.880013] pci 0000:00:02.0: vgaarb: bridge control possible
[    0.900007] vgaarb: loaded
[    0.912108] ACPI: bus type USB registered
[    0.924123] usbcore: registered new interface driver usbfs
[    0.944025] usbcore: registered new interface driver hub
[    0.964036] usbcore: registered new device driver usb
[    0.992670] EDAC MC: Ver: 3.0.0
[    1.016339] PCI: Using ACPI for IRQ routing
[    1.036142] NetLabel: Initializing
[    1.048008] NetLabel:  domain hash size = 128
[    1.064007] NetLabel:  protocols = UNLABELED CIPSOv4 CALIPSO
[    1.076045] NetLabel:  unlabeled traffic allowed by default
[    1.088637] clocksource: Switched to clocksource kvm-clock
[    1.191147] VFS: Disk quotas dquot_6.6.0
[    1.196866] VFS: Dquot-cache hash table entries: 512 (order 0, 4096 bytes)
[    1.207269] AppArmor: AppArmor Filesystem Enabled
[    1.215001] pnp: PnP ACPI init
[    1.222873] pnp: PnP ACPI: found 3 devices
[    1.265194] clocksource: acpi_pm: mask: 0xffffff max_cycles: 0xffffff, max_idle_ns: 2085701024 ns
[    1.288209] NET: Registered protocol family 2
[    1.295132] TCP established hash table entries: 8192 (order: 4, 65536 bytes)
[    1.306427] TCP bind hash table entries: 8192 (order: 5, 131072 bytes)
[    1.317082] TCP: Hash tables configured (established 8192 bind 8192)
[    1.327801] UDP hash table entries: 512 (order: 2, 16384 bytes)
[    1.337717] UDP-Lite hash table entries: 512 (order: 2, 16384 bytes)
[    1.347367] NET: Registered protocol family 1
[    1.355184] pci 0000:00:00.0: Limiting direct PCI/PCI transfers
[    1.364475] pci 0000:00:01.0: Activating ISA DMA hang workarounds
[    1.373444] pci 0000:00:02.0: Video device with shadowed ROM at [mem 0x000c0000-0x000dffff]
[    1.385162] Unpacking initramfs...
[    2.384337] Freeing initrd memory: 19224K
[    2.393736] clocksource: tsc: mask: 0xffffffffffffffff max_cycles: 0x2135f5e6f15, max_idle_ns: 440795231538 ns
[    2.408562] platform rtc_cmos: registered platform RTC device (no PNP device found)
[    2.419405] Scanning for low memory corruption every 60 seconds
[    2.431604] Initialise system trusted keyrings
[    2.439854] Key type blacklist registered
[    2.447848] workingset: timestamp_bits=36 max_order=18 bucket_order=0
[    2.463680] zbud: loaded
[    2.471034] squashfs: version 4.0 (2009/01/31) Phillip Lougher
[    2.480688] fuse init (API version 7.26)
[    2.527818] Key type asymmetric registered
[    2.535315] Asymmetric key parser 'x509' registered
[    2.544036] Block layer SCSI generic (bsg) driver version 0.4 loaded (major 246)
[    2.557185] io scheduler noop registered
[    2.563110] io scheduler deadline registered
[    2.570545] io scheduler cfq registered (default)
[    2.579355] ACPI: AC Adapter [AC] (on-line)
[    2.587112] input: Power Button as /devices/LNXSYSTM:00/LNXPWRBN:00/input/input0
[    2.599431] ACPI: Power Button [PWRF]
[    2.607127] input: Sleep Button as /devices/LNXSYSTM:00/LNXSLPBN:00/input/input1
[    2.618348] ACPI: Sleep Button [SLPF]
[    2.626236] Serial: 8250/16550 driver, 32 ports, IRQ sharing enabled
[    2.627809] ACPI: Battery Slot [BAT0] (battery present)
[    2.679630] 00:02: ttyS0 at I/O 0x3f8 (irq = 4, base_baud = 115200) is a 16550A
[    2.694705] Linux agpgart interface v0.103
[    2.707747] loop: module loaded
[    2.717030] scsi host0: ata_piix
[    2.724380] scsi host1: ata_piix
[    2.729598] ata1: PATA max UDMA/33 cmd 0x1f0 ctl 0x3f6 bmdma 0xd000 irq 14
[    2.739880] ata2: PATA max UDMA/33 cmd 0x170 ctl 0x376 bmdma 0xd008 irq 15
[    2.750803] libphy: Fixed MDIO Bus: probed
[    2.758452] tun: Universal TUN/TAP device driver, 1.6
[    2.766215] PPP generic driver version 2.4.2
[    2.773817] ehci_hcd: USB 2.0 'Enhanced' Host Controller (EHCI) Driver
[    2.783415] ehci-pci: EHCI PCI platform driver
[    2.791610] ehci-platform: EHCI generic platform driver
[    2.801478] ohci_hcd: USB 1.1 'Open' Host Controller (OHCI) Driver
[    2.811536] ohci-pci: OHCI PCI platform driver
[    2.819567] ohci-platform: OHCI generic platform driver
[    2.828627] uhci_hcd: USB Universal Host Controller Interface driver
[    2.838131] i8042: PNP: PS/2 Controller [PNP0303:PS2K,PNP0f03:PS2M] at 0x60,0x64 irq 1,12
[    2.854560] serio: i8042 KBD port at 0x60,0x64 irq 1
[    2.862433] serio: i8042 AUX port at 0x60,0x64 irq 12
[    2.869148] mousedev: PS/2 mouse device common for all mice
[    2.878856] input: AT Translated Set 2 keyboard as /devices/platform/i8042/serio0/input/input2
[    2.895468] rtc_cmos rtc_cmos: rtc core: registered rtc_cmos as rtc0
[    2.907122] rtc_cmos rtc_cmos: alarms up to one day, 114 bytes nvram
[    2.910308] i2c /dev entries driver
[    2.910308] device-mapper: uevent: version 1.0.3
[    2.925659] device-mapper: ioctl: 4.37.0-ioctl (2017-09-20) initialised: dm-devel@redhat.com
[    3.010335] ledtrig-cpu: registered to indicate activity on CPUs
[    3.022859] NET: Registered protocol family 10
[    3.041716] Segment Routing with IPv6
[    3.046710] NET: Registered protocol family 17
[    3.053738] Key type dns_resolver registered
[    3.061202] mce: Using 0 MCE banks
[    3.066168] RAS: Correctable Errors collector initialized.
[    3.074520] sched_clock: Marking stable (3074440581, 0)->(4244652546, -1170211965)
[    3.096500] registered taskstats version 1
[    3.102442] Loading compiled-in X.509 certificates
[    3.117378] Loaded X.509 cert 'Build time autogenerated kernel key: f44537957b99d83206ce3e6a27744bf062e80295'
[    3.130568] zswap: loaded using pool lzo/zbud
[    3.154740] Key type big_key registered
[    3.160289] Key type trusted registered
[    3.172577] Key type encrypted registered
[    3.177957] AppArmor: AppArmor sha1 policy hashing enabled
[    3.185902] ima: No TPM chip found, activating TPM-bypass! (rc=-19)
[    3.193552] ima: Allocated hash algorithm: sha1
[    3.199076] evm: HMAC attrs: 0x1
[    3.204713]   Magic number: 1:510:80
[    3.210436] rtc_cmos rtc_cmos: setting system clock to 2021-04-07 14:03:48 UTC (1617804228)
[    3.223450] BIOS EDD facility v0.16 2004-Jun-25, 0 devices found
[    3.232345] EDD information not available.
[    3.242945] Freeing unused kernel image memory: 2440K
[    3.261281] Write protecting the kernel read-only data: 20480k
[    3.273406] Freeing unused kernel image memory: 2008K
[    3.280310] Freeing unused kernel image memory: 1868K
[    3.295439] x86/mm: Checked W+X mappings: passed, no W+X pages found.
[    3.302733] x86/mm: Checking user space page tables
[    3.319805] x86/mm: Checked W+X mappings: passed, no W+X pages found.
Loading, please wait...
starting version 237
[    3.536032] Fusion MPT base driver 3.04.20
[    3.544760] Copyright (c) 1999-2008 LSI Corporation
[    3.556645] e1000: Intel(R) PRO/1000 Network Driver - version 7.3.21-k8-NAPI
[    3.568025] e1000: Copyright (c) 1999-2006 Intel Corporation.
[    3.637973] Fusion MPT SPI Host driver 3.04.20
[    3.657451] mptbase: ioc0: Initiating bringup
[    3.778511] ioc0: LSI53C1030 A0: Capabilities={Initiator}
[    3.855635] input: ImExPS/2 Generic Explorer Mouse as /devices/platform/i8042/serio1/input/input4
[    4.092067] scsi host2: ioc0: LSI53C1030 A0, FwRev=00000000h, Ports=1, MaxQ=256, IRQ=20
[    4.277371] scsi 2:0:0:0: Direct-Access     VBOX     HARDDISK         1.0  PQ: 0 ANSI: 5
[    4.337944] scsi target2:0:0: Beginning Domain Validation
[    4.358149] random: fast init done
[    4.363712] scsi target2:0:0: Domain Validation skipping write tests
[    4.373534] scsi target2:0:0: Ending Domain Validation
[    4.381278] scsi target2:0:0: asynchronous
[    4.390550] scsi 2:0:1:0: Direct-Access     VBOX     HARDDISK         1.0  PQ: 0 ANSI: 5
[    4.764319] scsi target2:0:1: Beginning Domain Validation
[    4.784005] scsi target2:0:1: Domain Validation skipping write tests
[    4.794062] scsi target2:0:1: Ending Domain Validation
[    4.800925] scsi target2:0:1: asynchronous
[    4.829245] sd 2:0:0:0: [sda] 83886080 512-byte logical blocks: (42.9 GB/40.0 GiB)
[    4.837490] random: systemd-udevd: uninitialized urandom read (16 bytes read)
[    4.840065] sd 2:0:0:0: Attached scsi generic sg0 type 0
[    4.851064] random: systemd-udevd: uninitialized urandom read (16 bytes read)
[    4.859548] sd 2:0:0:0: [sda] Write Protect is off
[    4.877769] sd 2:0:1:0: [sdb] 20480 512-byte logical blocks: (10.5 MB/10.0 MiB)
[    4.890591] sd 2:0:1:0: Attached scsi generic sg1 type 0
[    4.896768] random: systemd-udevd: uninitialized urandom read (16 bytes read)
[    4.898711] sd 2:0:1:0: [sdb] Write Protect is off
[    4.917606] sd 2:0:0:0: [sda] Incomplete mode parameter data
[    4.926662] sd 2:0:0:0: [sda] Assuming drive cache: write through
[    4.936751] sd 2:0:1:0: [sdb] Incomplete mode parameter data
[    4.944575] sd 2:0:1:0: [sdb] Assuming drive cache: write through
[    4.960453]  sda: sda1
[    4.967169] sd 2:0:0:0: [sda] Attached SCSI disk
[    4.988072] sd 2:0:1:0: [sdb] Attached SCSI disk
[    5.391049] e1000 0000:00:03.0 eth0: (PCI:33MHz:32-bit) 02:05:85:8a:28:11
[    5.402169] e1000 0000:00:03.0 eth0: Intel(R) PRO/1000 Network Connection
[    5.414636] e1000 0000:00:03.0 enp0s3: renamed from eth0
Begin: Loading essential drivers ... [    8.517005] raid6: sse2x1   gen() 32004 MB/s
[   10.521666] raid6: sse2x1   xor() 123603 MB/s
[   11.518712] raid6: sse2x2   gen() 187991 MB/s
[   12.514036] raid6: sse2x2   xor() 133063 MB/s
[   13.569124] raid6: sse2x4   gen() 11134 MB/s
[   13.622511] raid6: sse2x4   xor()  5485 MB/s
[   13.629806] raid6: using algorithm sse2x2 gen() 187991 MB/s
[   13.638499] raid6: .... xor() 133063 MB/s, rmw enabled
[   13.646744] raid6: using ssse3x2 recovery algorithm
[   13.658700] xor: measuring software checksum speed
[   13.772940]    prefetch64-sse: 32326.000 MB/sec
[   13.880309]    generic_sse: 29918.000 MB/sec
[   13.887501] xor: using function: prefetch64-sse (32326.000 MB/sec)
[   13.900477] async_tx: api initialized (async)
done.
Begin: Running /scripts/init-premount ... done.
Begin: Mounting root file system ... Begin: Running /scripts/local-top ... done.
Begin: Running /scripts/local-premount ... [   14.011693] Btrfs loaded, crc32c=crc32c-intel
Scanning for Btrfs filesystems
done.
Warning: fsck not present, so skipping root file system
[   14.117798] EXT4-fs (sda1): mounted filesystem with ordered data mode. Opts: (null)
done.
Begin: Running /scripts/local-bottom ... done.
Begin: Running /scripts/init-bottom ... done.
[   14.508667] ip_tables: (C) 2000-2006 Netfilter Core Team
[   14.549093] systemd[1]: systemd 237 running in system mode. (+PAM +AUDIT +SELINUX +IMA +APPARMOR +SMACK +SYSVINIT +UTMP +LIBCRYPTSETUP +GCRYPT +GNUTLS +ACL +XZ +LZ4 +SECCOMP +BLKID +ELFUTILS +KMOD -IDN2 +IDN -PCRE2 default-hierarchy=hybrid)
[   14.576537] systemd[1]: Detected virtualization oracle.
[   14.582738] systemd[1]: Detected architecture x86-64.

Welcome to [1mUbuntu 18.04.5 LTS[0m!

[   14.649094] systemd[1]: Set hostname to <ubuntu>.
[   14.674734] systemd[1]: Initializing machine ID from random generator.
[   14.683862] systemd[1]: Installed transient /etc/machine-id file.
[   15.282096] systemd[1]: Created slice System Slice.
[[0;32m  OK  [0m] Created slice System Slice.
[   15.291062] systemd[1]: Reached target Swap.
[[0;32m  OK  [0m] Reached target Swap.
[   15.299198] systemd[1]: Set up automount Arbitrary Executable File Formats File System Automount Point.
[[0;32m  OK  [0m] Set up automount Arbitrary Executab…rmats File System Automount Point.
[   15.318401] systemd[1]: Created slice User and Session Slice.
[[0;32m  OK  [0m] Created slice User and Session Slice.
[[0;32m  OK  [0m] Reached target Slices.
[[0;32m  OK  [0m] Listening on LVM2 metadata daemon socket.
[[0;32m  OK  [0m] Listening on Journal Audit Socket.
[[0;32m  OK  [0m] Listening on fsck to fsckd communication Socket.
[[0;32m  OK  [0m] Listening on LVM2 poll daemon socket.
[[0;32m  OK  [0m] Listening on Device-mapper event daemon FIFOs.
[[0;32m  OK  [0m] Listening on udev Control Socket.
[[0;32m  OK  [0m] Listening on Journal Socket.
         Starting Create list of required st…ce nodes for the current kernel...
         Starting Load Kernel Modules...
         Mounting Kernel Debug File System...
         Mounting Huge Pages File System...
         Starting Uncomplicated firewall...
         Mounting POSIX Message Queue File System...
         Starting Monitoring of LVM2 mirrors…ng dmeventd or progress polling...
         Starting Set the console keyboard layout...
[[0;32m  OK  [0m] Started Forward Password Requests to Wall Directory Watch.
[[0;32m  OK  [0m] Reached target User and Group Name Lookups.
         Starting File System Check on Root Device...
[[0;32m  OK  [0m] Listening on Network Service Netlink Socket.
[[0;32m  OK  [0m] Listening on /dev/initctl Compatibility Named Pipe.
[[0;32m  OK  [0m] Listening on Journal Socket (/dev/log).
[[0;32m  OK  [0m] Listening on Syslog Socket.
         Starting Journal Service...
[[0;32m  OK  [0m] Reached target System Time Synchronized.
[[0;32m  OK  [0m] Listening on udev Kernel Socket.
         Starting udev Coldplug all Devices...
[[0;32m  OK  [0m] Created slice system-serial\x2dgetty.slice.
[[0;32m  OK  [0m] Started Create list of required sta…vice nodes for the current kernel.
[[   15.609454] Loading iSCSI transport class v2.0-870.
[0;32m  OK  [0m] Mounted Kernel Debug File System.
[[0;32m  OK  [0m] Mounted Huge Pages File System.
[[0;32m  OK  [0m] Started Uncomplicated firewall.
[[0;32m  OK  [0m] Mounted POSIX Message Queue File System.
[[0;32m  OK  [0m] Started LVM2 metadata daemon.
[[0;32m  OK  [0m] Started File System Check Daemon to report status.
         Starting Create Static Device Nodes in /dev...
[   15.706710] iscsi: registered transport (tcp)
[[0;32m  OK  [0m] Started Journal Service.
[[0;32m  OK  [0m] Started File System Check on Root Device.
         Starting Remount Root and Kernel File Systems...
[[0;32m  OK  [0m] Started udev Coldplug all Devices.
[[0;32m  OK  [0m] Started Monitoring of LVM2 mirrors,…sing dmeventd or progress polling.
[   15.911072] EXT4-fs (sda1): re-mounted. Opts: (null)
[[0;32m  OK  [0m] Started Remount Root and Kernel File Systems.
         Starting Load/Save Random Seed...
         Starting Flush Journal to Persistent Storage...
[[0;32m  OK  [0m] Started Create Static Device Nodes in /dev.
         Starting udev Kernel Device Manager...
[[0;32m  OK  [0m] Started Load/Save Random Seed.
[   15.994194] systemd-journald[387]: Received request to flush runtime journal from PID 1
[[0;32m  OK  [0m] Started Flush Journal to Persistent Storage.
[[0;32m  OK  [0m] Started Set the console keyboard layout.
[[0;32m  OK  [0m] Reached target Local File Systems (Pre).
[[0;32m  OK  [0m] Reached target Local File Systems.
         Starting Set console font and keymap...
         Starting Commit a transient machine-id on disk...
[   16.139761] random: crng init done
[   16.145653] random: 7 urandom warning(s) missed due to ratelimiting
         Starting AppArmor initialization...
         Starting Tell Plymouth To Write Out Runtime Data...
         Starting Create Volatile Files and Directories...
         Starting ebtables ruleset management...
[[0;32m  OK  [0m] Started Set console font and keymap.
[   16.207565] iscsi: registered transport (iser)
[[0;32m  OK  [0m] Started udev Kernel Device Manager.
[[0;32m  OK  [0m] Started Dispatch Password Requests to Console Directory Watch.
[[0;32m  OK  [0m] Reached target Local Encrypted Volumes.
[[0;32m  OK  [0m] Started Load Kernel Modules.
         Mounting Kernel Configuration File System...
         Starting Apply Kernel Variables...
         Mounting FUSE Control File System...
[[0;32m  OK  [0m] Started Tell Plymouth To Write Out Runtime Data.
[[0;32m  OK  [0m] Mounted Kernel Configuration File System.
[[0;32m  OK  [0m] Mounted FUSE Control File System.
[[0;32m  OK  [0m] Started Create Volatile Files and Directories.
         Starting Update UTMP about System Boot/Shutdown...
[[0;32m  OK  [0m] Started Update UTMP about System Boot/Shutdown.
[[0;32m  OK  [0m] Started Commit a transient machine-id on disk.
[[0;32m  OK  [0m] Started Apply Kernel Variables.
[[0;32m  OK  [0m] Started ebtables ruleset management.
[[0;32m  OK  [0m] Found device /dev/ttyS0.
[[0;32m  OK  [0m] Listening on Load/Save RF Kill Switch Status /dev/rfkill Watch.
[[0;32m  OK  [0m] Started AppArmor initialization.
         Starting Initial cloud-init job (pre-networking)...
         Starting Load AppArmor profiles managed internally by snapd...
[[0;32m  OK  [0m] Started Load AppArmor profiles managed internally by snapd.
[   20.916194] cloud-init[539]: Cloud-init v. 20.4.1-0ubuntu1~18.04.1 running 'init-local' at Wed, 07 Apr 2021 14:04:05 +0000. Up 20.22 seconds.
[[0;32m  OK  [0m] Started Initial cloud-init job (pre-networking).
[[0;32m  OK  [0m] Reached target Network (Pre).
         Starting Network Service...
[[0;32m  OK  [0m] Started Network Service.
         Starting Wait for Network to be Configured...
         Starting Network Name Resolution...
[[0;32m  OK  [0m] Started Network Name Resolution.
[[0;32m  OK  [0m] Reached target Host and Network Name Lookups.
[[0;32m  OK  [0m] Reached target Network.
[[0;32m  OK  [0m] Started Wait for Network to be Configured.
         Starting Initial cloud-init job (metadata service crawler)...
[   23.674925] cloud-init[643]: Cloud-init v. 20.4.1-0ubuntu1~18.04.1 running 'init' at Wed, 07 Apr 2021 14:04:08 +0000. Up 23.46 seconds.
[   23.682494] cloud-init[643]: ci-info: +++++++++++++++++++++++++++++++++++++Net device info++++++++++++++++++++++++++++++++++++++
[   23.690581] cloud-init[643]: ci-info: +--------+------+---------------------------+---------------+--------+-------------------+
[   23.696803] cloud-init[643]: ci-info: | Device |  Up  |          Address          |      Mask     | Scope  |     Hw-Address    |
[   23.704636] cloud-init[643]: ci-info: +--------+------+---------------------------+---------------+--------+-------------------+
[   23.711182] cloud-init[643]: ci-info: | enp0s3 | True |         10.0.2.15         | 255.255.255.0 | global | 02:05:85:8a:28:11 |
[   23.718744] cloud-init[643]: ci-info: | enp0s3 | True | fe80::5:85ff:fe8a:2811/64 |       .       |  link  | 02:05:85:8a:28:11 |
[   23.725881] cloud-init[643]: ci-info: |   lo   | True |         127.0.0.1         |   255.0.0.0   |  host  |         .         |
[   23.732712] cloud-init[643]: ci-info: |   lo   | True |          ::1/128          |       .       |  host  |         .         |
[   23.740113] cloud-init[643]: ci-info: +--------+------+---------------------------+---------------+--------+-------------------+
[   23.747436] cloud-init[643]: ci-info: ++++++++++++++++++++++++++++Route IPv4 info+++++++++++++++++++++++++++++
[   23.754116] cloud-init[643]: ci-info: +-------+-------------+----------+-----------------+-----------+-------+
[   23.759399] cloud-init[643]: ci-info: | Route | Destination | Gateway  |     Genmask     | Interface | Flags |
[   23.765944] cloud-init[643]: ci-info: +-------+-------------+----------+-----------------+-----------+-------+
[   23.772541] cloud-init[643]: ci-info: |   0   |   0.0.0.0   | 10.0.2.2 |     0.0.0.0     |   enp0s3  |   UG  |
[   23.779498] cloud-init[643]: ci-info: |   1   |   10.0.2.0  | 0.0.0.0  |  255.255.255.0  |   enp0s3  |   U   |
[   23.786392] cloud-init[643]: ci-info: |   2   |   10.0.2.2  | 0.0.0.0  | 255.255.255.255 |   enp0s3  |   UH  |
[   23.792798] cloud-init[643]: ci-info: +-------+-------------+----------+-----------------+-----------+-------+
[   23.799009] cloud-init[643]: ci-info: +++++++++++++++++++Route IPv6 info+++++++++++++++++++
[   23.804752] cloud-init[643]: ci-info: +-------+-------------+---------+-----------+-------+
[   23.809055] cloud-init[643]: ci-info: | Route | Destination | Gateway | Interface | Flags |
[   23.813695] cloud-init[643]: ci-info: +-------+-------------+---------+-----------+-------+
[   23.819000] cloud-init[643]: ci-info: |   1   |  fe80::/64  |    ::   |   enp0s3  |   U   |
[   23.824676] cloud-init[643]: ci-info: |   3   |    local    |    ::   |   enp0s3  |   U   |
[   23.830720] cloud-init[643]: ci-info: |   4   |   ff00::/8  |    ::   |   enp0s3  |   U   |
[   23.836789] cloud-init[643]: ci-info: +-------+-------------+---------+-----------+-------+
[   25.759661] cloud-init[643]: Generating public/private rsa key pair.
[   25.764357] cloud-init[643]: Your identification has been saved in /etc/ssh/ssh_host_rsa_key.
[   25.770803] cloud-init[643]: Your public key has been saved in /etc/ssh/ssh_host_rsa_key.pub.
[   25.776066] cloud-init[643]: The key fingerprint is:
[   25.779377] cloud-init[643]: SHA256:v0gSn3MPmQuOiqGb2eQpefF2mXY04tk0ggWTMuzTH80 root@ubuntu-bionic
[   25.785182] cloud-init[643]: The key's randomart image is:
[   25.789014] cloud-init[643]: +---[RSA 2048]----+
[   25.792384] cloud-init[643]: | .   .           |
[   25.795141] cloud-init[643]: |  + +            |
[   25.798181] cloud-init[643]: | . + o o         |
[   25.802295] cloud-init[643]: |  o . o E        |
[   25.806192] cloud-init[643]: |   . +..S        |
[   25.809664] cloud-init[643]: |  . . +o=o o     |
[   25.832985] cloud-init[643]: | .oo ..X*o*      |
[   25.838649] cloud-init[643]: |oB.+o B=o= =     |
[   25.842194] cloud-init[643]: |=+=..+..o o .    |
[   25.846104] cloud-init[643]: +----[SHA256]-----+
[   25.849383] cloud-init[643]: Generating public/private dsa key pair.
[   25.860692] cloud-init[643]: Your identification has been saved in /etc/ssh/ssh_host_dsa_key.
[   25.867963] cloud-init[643]: Your public key has been saved in /etc/ssh/ssh_host_dsa_key.pub.
[   25.875905] cloud-init[643]: The key fingerprint is:
[   25.879375] cloud-init[643]: SHA256:dNkiIn2WfQc8dAbsYgnvpDMh0KDwe9bgAjsrCBtTO9I root@ubuntu-bionic
[   25.886744] cloud-init[643]: The key's randomart image is:
[   25.896792] cloud-init[643]: +---[DSA 1024]----+
[   25.901375] cloud-init[643]: |.   .o     ++.o  |
[   25.905306] cloud-init[643]: | o .... .o o++   |
[   25.908814] cloud-init[643]: |. + o.o *o=oo..  |
[   25.912086] cloud-init[643]: | = + +.=.o*o..   |
[   25.916556] cloud-init[643]: |B E + ..S* .     |
[   25.920868] cloud-init[643]: |oB =    + .      |
[   25.924377] cloud-init[643]: |=        o       |
[   25.928101] cloud-init[643]: |.                |
[   25.931882] cloud-init[643]: |                 |
[   25.935691] cloud-init[643]: +----[SHA256]-----+
[   25.939068] cloud-init[643]: Generating public/private ecdsa key pair.
[   25.943651] cloud-init[643]: Your identification has been saved in /etc/ssh/ssh_host_ecdsa_key.
[   25.950580] cloud-init[643]: Your public key has been saved in /etc/ssh/ssh_host_ecdsa_key.pub.
[   25.962187] cloud-init[643]: The key fingerprint is:
[   25.970827] cloud-init[643]: SHA256:Z9tKHJxGSw4yQ0UtAAYBEv0qZQ+7L5x+CQ9BpGqFwoI root@ubuntu-bionic
[   25.982648] cloud-init[643]: The key's randomart image is:
[   25.992254] cloud-init[643]: +---[ECDSA 256]---+
[   26.001384] cloud-init[643]: |+=+oo.o+o.       |
[   26.009985] cloud-init[643]: |+.+. .  . .      |
[   26.017815] cloud-init[643]: |E+ o  + ..o      |
[   26.017993] cloud-init[643]: |+ * .  + * o     |
[   26.019827] cloud-init[643]: |.+ *    S X      |
[   26.021166] cloud-init[643]: |o = .    = +     |
[   26.022893] cloud-init[643]: | o * .    + .    |
[   26.023710] cloud-init[643]: |  = +    . .     |
[   26.025192] cloud-init[643]: | ..+.     .      |
[   26.025747] cloud-init[643]: +----[SHA256]-----+
[   26.026302] cloud-init[643]: Generating public/private ed25519 key pair.
[   26.026884] cloud-init[643]: Your identification has been saved in /etc/ssh/ssh_host_ed25519_key.
[   26.027469] cloud-init[643]: Your public key has been saved in /etc/ssh/ssh_host_ed25519_key.pub.
[   26.028089] cloud-init[643]: The key fingerprint is:
[   26.029372] cloud-init[643]: SHA256:Lb1ydKhbpfB6wTDEufeEn11NaIzS+r7NZSxUy7VBWhw root@ubuntu-bionic
[   26.029933] cloud-init[643]: The key's randomart image is:
[   26.030505] cloud-init[643]: +--[ED25519 256]--+
[   26.031084] cloud-init[643]: |       . . . o.E.|
[   26.038791] cloud-init[643]: |        + . o B..|
[   26.039516] cloud-init[643]: |       . . + o o+|
[   26.042288] cloud-init[643]: |        +o+.. ..B|
[   26.043289] cloud-init[643]: |        S===oo.= |
[   26.044003] cloud-init[643]: |         *o==... |
[   26.046248] cloud-init[643]: |        o *o  . +|
[   26.048051] cloud-init[643]: |         *. .o + |
[   26.050146] cloud-init[643]: |        o.  ..o  |
[   26.054066] cloud-init[643]: +----[SHA256]-----+
[[0;32m  OK  [0m] Started Initial cloud-init job (metadata service crawler).
[[0;32m  OK  [0m] Reached target Network is Online.
         Starting Availability of block devices...
[[0;32m  OK  [0m] Reached target Remote File Systems (Pre).
[[0;32m  OK  [0m] Reached target Remote File Systems.
[[0;32m  OK  [0m] Reached target Cloud-config availability.
[[0;32m  OK  [0m] Reached target System Initialization.
[[0;32m  OK  [0m] Started Daily Cleanup of Temporary Directories.
         Starting LXD - unix socket.
[[0;32m  OK  [0m] Started Daily apt download activities.
[[0;32m  OK  [0m] Started Daily apt upgrade and clean activities.
[[0;32m  OK  [0m] Listening on ACPID Listen Socket.
[[0;32m  OK  [0m] Listening on D-Bus System Message Bus Socket.
[[0;32m  OK  [0m] Started Message of the Day.
[[0;32m  OK  [0m] Started ACPI Events Check.
[[0;32m  OK  [0m] Reached target Paths.
         Starting Socket activation for snappy daemon.
[[0;32m  OK  [0m] Listening on Open-iSCSI iscsid Socket.
[[0;32m  OK  [0m] Listening on UUID daemon activation socket.
[[0;32m  OK  [0m] Started Discard unused blocks once a week.
[[0;32m  OK  [0m] Reached target Timers.
[[0;32m  OK  [0m] Started Availability of block devices.
[[0;32m  OK  [0m] Listening on LXD - unix socket.
[[0;32m  OK  [0m] Listening on Socket activation for snappy daemon.
[[0;32m  OK  [0m] Reached target Sockets.
[[0;32m  OK  [0m] Reached target Basic System.
[[0;32m  OK  [0m] Started FUSE filesystem for LXC.
[[0;32m  OK  [0m] Started irqbalance daemon.
         Starting Virtualbox guest utils...
         Starting Permit User Sessions...
         Starting LSB: Record successful boot for GRUB...
         Starting Login Service...
         Starting Snap Daemon...
         Starting LSB: automatic crash report generation...
         Starting Accounts Service...
         Starting Pollinate to seed the pseudo random number generator...
[[0;32m  OK  [0m] Started Regular background program processing daemon.
[[0;32m  OK  [0m] Started D-Bus System Message Bus.
[[0;32m  OK  [0m] Started Login Service.
[[0;32m  OK  [0m] Started Unattended Upgrades Shutdown.
[[0;32m  OK  [0m] Started Deferred execution scheduler.
         Starting Dispatcher daemon for systemd-networkd...
         Starting System Logging Service...
         Starting LXD - container startup/shutdown...
[[0;32m  OK  [0m] Started Permit User Sessions.
         Starting Hold until boot process finishes up...
         Starting Terminate Plymouth Boot Screen...
[[0;32m  OK  [0m] Started Hold until boot process finishes up.
[[0;32m  OK  [0m] Started Serial Getty on ttyS0.
         Starting Set console scheme...
[[0;32m  OK  [0m] Started Terminate Plymouth Boot Screen.
         Starting Authorization Manager...
[[0;32m  OK  [0m] Started Set console scheme.
[[0;32m  OK  [0m] Created slice system-getty.slice.
[[0;32m  OK  [0m] Started Getty on tty1.
[[0;32m  OK  [0m] Reached target Login Prompts.
[[0;32m  OK  [0m] Started System Logging Service.
[[0;32m  OK  [0m] Started LSB: Record successful boot for GRUB.
[[0;32m  OK  [0m] Started LSB: automatic crash report generation.
[[0;32m  OK  [0m] Started Authorization Manager.
[[0;32m  OK  [0m] Started Accounts Service.
[[0;32m  OK  [0m] Started Virtualbox guest utils.
[[0;32m  OK  [0m] Started LXD - container startup/shutdown.
[[0;32m  OK  [0m] Started Dispatcher daemon for systemd-networkd.
[[0;32m  OK  [0m] Started Snap Daemon.
         Starting Wait until snapd is fully seeded...
[[0;32m  OK  [0m] Started Pollinate to seed the pseudo random number generator.
         Starting OpenBSD Secure Shell server...
[[0;32m  OK  [0m] Started OpenBSD Secure Shell server.
[[0;32m  OK  [0m] Created slice User Slice of vagrant.
         Starting User Manager for UID 1000...
[[0;32m  OK  [0m] Started Session 1 of user vagrant.
[[0;32m  OK  [0m] Started User Manager for UID 1000.
[[0;32m  OK  [0m] Started Wait until snapd is fully seeded.
         Starting Apply the settings specified in cloud-config...
[[0;32m  OK  [0m] Reached target Multi-User System.
[[0;32m  OK  [0m] Reached target Graphical Interface.
         Starting Update UTMP about System Runlevel Changes...
[[0;32m  OK  [0m] Started Update UTMP about System Runlevel Changes.

Ubuntu 18.04.5 LTS ubuntu-bionic ttyS0

ubuntu-bionic login: [   33.975910] cloud-init[1048]: Cloud-init v. 20.4.1-0ubuntu1~18.04.1 running 'modules:config' at Wed, 07 Apr 2021 14:04:17 +0000. Up 32.62 seconds.
ci-info: no authorized SSH keys fingerprints found for user ubuntu.
<14>Apr  7 14:04:21 ec2: 
<14>Apr  7 14:04:21 ec2: #############################################################
<14>Apr  7 14:04:21 ec2: -----BEGIN SSH HOST KEY FINGERPRINTS-----
<14>Apr  7 14:04:21 ec2: 1024 SHA256:dNkiIn2WfQc8dAbsYgnvpDMh0KDwe9bgAjsrCBtTO9I root@ubuntu-bionic (DSA)
<14>Apr  7 14:04:21 ec2: 256 SHA256:Z9tKHJxGSw4yQ0UtAAYBEv0qZQ+7L5x+CQ9BpGqFwoI root@ubuntu-bionic (ECDSA)
<14>Apr  7 14:04:21 ec2: 256 SHA256:Lb1ydKhbpfB6wTDEufeEn11NaIzS+r7NZSxUy7VBWhw root@ubuntu-bionic (ED25519)
<14>Apr  7 14:04:21 ec2: 2048 SHA256:v0gSn3MPmQuOiqGb2eQpefF2mXY04tk0ggWTMuzTH80 root@ubuntu-bionic (RSA)
<14>Apr  7 14:04:21 ec2: -----END SSH HOST KEY FINGERPRINTS-----
<14>Apr  7 14:04:21 ec2: #############################################################
-----BEGIN SSH HOST KEY KEYS-----
ecdsa-sha2-nistp256 AAAAE2VjZHNhLXNoYTItbmlzdHAyNTYAAAAIbmlzdHAyNTYAAABBBBwqJ2xw10m4PUezqz9VCUgA1vBp/h9XvELqLQx1tqNT5RU9GzQ6XZG9FeFIj7z746ReCkw1Mk15NuVZmJPxIQA= root@ubuntu-bionic
ssh-ed25519 AAAAC3NzaC1lZDI1NTE5AAAAIG41t3A5GC4lws4lm8J2coHcSUL/kVJR85NZn6hXlucF root@ubuntu-bionic
ssh-rsa AAAAB3NzaC1yc2EAAAADAQABAAABAQCcfgW1Eh6Fi/i8TYyuhSxJ1qJJUrqtdUbpmjjS7I5flHp89moJ69ieec95TYGsI7ER7KKu2CaZdG/HfWuJvciAw+G+idJFyonZlBKDoI4Uobaf1w3KApxq3qn3Wwp6ExDhG7YGhPppESzgVQKZJcvOVEDPhlV20DEiHKVb5cDvm8R7Mc531lgzhiuGUdjBDVduGhqaZhMRGpBBlvuA7SXPOYGTZzBzTE9pxPQ4OPfzSikUH86Qb0zQzW2t4pA+Th6ve3MzGaBD28cPZnu+B3i0ZL9XnHdwmYA04hR+/8bENe4dUmsoTDuNVSAKa7h13ZUovoXBdIdnGQ2cW9wN+H0T root@ubuntu-bionic
-----END SSH HOST KEY KEYS-----
[   36.036327] cloud-init[1131]: Cloud-init v. 20.4.1-0ubuntu1~18.04.1 running 'modules:final' at Wed, 07 Apr 2021 14:04:20 +0000. Up 35.49 seconds.
[   36.086060] cloud-init[1131]: ci-info: no authorized SSH keys fingerprints found for user ubuntu.
[   36.109953] cloud-init[1131]: Cloud-init v. 20.4.1-0ubuntu1~18.04.1 finished at Wed, 07 Apr 2021 14:04:21 +0000. Datasource DataSourceNoCloud [seed=/dev/sdb][dsmode=net].  Up 36.01 seconds
