[    0.000000] Linux version 4.15.0-140-generic (buildd@lgw01-amd64-054) (gcc version 7.5.0 (Ubuntu 7.5.0-3ubuntu1~18.04)) #144-Ubuntu SMP Fri Mar 19 14:12:35 UTC 2021 (Ubuntu 4.15.0-140.144-generic 4.15.18)
[    0.000000] Command line: BOOT_IMAGE=/boot/vmlinuz-4.15.0-140-generic root=LABEL=cloudimg-rootfs ro console=tty1 console=ttyS0
[    0.000000] KERNEL supported cpus:
[    0.000000]   Intel GenuineIntel
[    0.000000]   AMD AuthenticAMD
[    0.000000]   Centaur CentaurHauls
[    0.000000] x86/fpu: x87 FPU will use FXSAVE
[    0.000000] e820: BIOS-provided physical RAM map:
[    0.000000] BIOS-e820: [mem 0x0000000000000000-0x000000000009fbff] usable
[    0.000000] BIOS-e820: [mem 0x000000000009fc00-0x000000000009ffff] reserved
[    0.000000] BIOS-e820: [mem 0x00000000000f0000-0x00000000000fffff] reserved
[    0.000000] BIOS-e820: [mem 0x0000000000100000-0x000000003ffeffff] usable
[    0.000000] BIOS-e820: [mem 0x000000003fff0000-0x000000003fffffff] ACPI data
[    0.000000] BIOS-e820: [mem 0x00000000fec00000-0x00000000fec00fff] reserved
[    0.000000] BIOS-e820: [mem 0x00000000fee00000-0x00000000fee00fff] reserved
[    0.000000] BIOS-e820: [mem 0x00000000fffc0000-0x00000000ffffffff] reserved
[    0.000000] NX (Execute Disable) protection: active
[    0.000000] SMBIOS 2.5 present.
[    0.000000] DMI: innotek GmbH VirtualBox/VirtualBox, BIOS VirtualBox 12/01/2006
[    0.000000] Hypervisor detected: KVM
[    0.000000] e820: last_pfn = 0x3fff0 max_arch_pfn = 0x400000000
[    0.000000] MTRR: Disabled
[    0.000000] x86/PAT: MTRRs disabled, skipping PAT initialization too.
[    0.000000] CPU MTRRs all blank - virtualized system.
[    0.000000] x86/PAT: Configuration [0-7]: WB  WT  UC- UC  WB  WT  UC- UC  
[    0.000000] found SMP MP-table at [mem 0x0009fff0-0x0009ffff]
[    0.000000] Scanning 1 areas for low memory corruption
[    0.000000] RAMDISK: [mem 0x35a63000-0x36d28fff]
[    0.000000] ACPI: Early table checksum verification disabled
[    0.000000] ACPI: RSDP 0x00000000000E0000 000024 (v02 VBOX  )
[    0.000000] ACPI: XSDT 0x000000003FFF0030 00003C (v01 VBOX   VBOXXSDT 00000001 ASL  00000061)
[    0.000000] ACPI: FACP 0x000000003FFF00F0 0000F4 (v04 VBOX   VBOXFACP 00000001 ASL  00000061)
[    0.000000] ACPI: DSDT 0x000000003FFF0470 002325 (v02 VBOX   VBOXBIOS 00000002 INTL 20100528)
[    0.000000] ACPI: FACS 0x000000003FFF0200 000040
[    0.000000] ACPI: FACS 0x000000003FFF0200 000040
[    0.000000] ACPI: APIC 0x000000003FFF0240 00005C (v02 VBOX   VBOXAPIC 00000001 ASL  00000061)
[    0.000000] ACPI: SSDT 0x000000003FFF02A0 0001CC (v01 VBOX   VBOXCPUT 00000002 INTL 20100528)
[    0.000000] No NUMA configuration found
[    0.000000] Faking a node at [mem 0x0000000000000000-0x000000003ffeffff]
[    0.000000] NODE_DATA(0) allocated [mem 0x3ffc5000-0x3ffeffff]
[    0.000000] kvm-clock: cpu 0, msr 0:3ff44001, primary cpu clock
[    0.000000] kvm-clock: Using msrs 4b564d01 and 4b564d00
[    0.000000] kvm-clock: using sched offset of 6509108319 cycles
[    0.000000] clocksource: kvm-clock: mask: 0xffffffffffffffff max_cycles: 0x1cd42e4dffb, max_idle_ns: 881590591483 ns
[    0.000000] Zone ranges:
[    0.000000]   DMA      [mem 0x0000000000001000-0x0000000000ffffff]
[    0.000000]   DMA32    [mem 0x0000000001000000-0x000000003ffeffff]
[    0.000000]   Normal   empty
[    0.000000]   Device   empty
[    0.000000] Movable zone start for each node
[    0.000000] Early memory node ranges
[    0.000000]   node   0: [mem 0x0000000000001000-0x000000000009efff]
[    0.000000]   node   0: [mem 0x0000000000100000-0x000000003ffeffff]
[    0.000000] Reserved but unavailable: 98 pages
[    0.000000] Initmem setup node 0 [mem 0x0000000000001000-0x000000003ffeffff]
[    0.000000] ACPI: PM-Timer IO Port: 0x4008
[    0.000000] IOAPIC[0]: apic_id 2, version 32, address 0xfec00000, GSI 0-23
[    0.000000] ACPI: INT_SRC_OVR (bus 0 bus_irq 0 global_irq 2 dfl dfl)
[    0.000000] ACPI: INT_SRC_OVR (bus 0 bus_irq 9 global_irq 9 low level)
[    0.000000] Using ACPI (MADT) for SMP configuration information
[    0.000000] smpboot: Allowing 2 CPUs, 0 hotplug CPUs
[    0.000000] PM: Registered nosave memory: [mem 0x00000000-0x00000fff]
[    0.000000] PM: Registered nosave memory: [mem 0x0009f000-0x0009ffff]
[    0.000000] PM: Registered nosave memory: [mem 0x000a0000-0x000effff]
[    0.000000] PM: Registered nosave memory: [mem 0x000f0000-0x000fffff]
[    0.000000] e820: [mem 0x40000000-0xfebfffff] available for PCI devices
[    0.000000] Booting paravirtualized kernel on KVM
[    0.000000] clocksource: refined-jiffies: mask: 0xffffffff max_cycles: 0xffffffff, max_idle_ns: 7645519600211568 ns
[    0.000000] random: get_random_bytes called from start_kernel+0x99/0x500 with crng_init=0
[    0.000000] setup_percpu: NR_CPUS:8192 nr_cpumask_bits:2 nr_cpu_ids:2 nr_node_ids:1
[    0.000000] percpu: Embedded 45 pages/cpu s147456 r8192 d28672 u1048576
[    0.000000] PV qspinlock hash table entries: 256 (order: 0, 4096 bytes)
[    0.000000] Built 1 zonelists, mobility grouping on.  Total pages: 257913
[    0.000000] Policy zone: DMA32
[    0.000000] Kernel command line: BOOT_IMAGE=/boot/vmlinuz-4.15.0-140-generic root=LABEL=cloudimg-rootfs ro console=tty1 console=ttyS0
[    0.000000] Memory: 983020K/1048120K available (12300K kernel code, 2483K rwdata, 4276K rodata, 2440K init, 2724K bss, 65100K reserved, 0K cma-reserved)
[    0.000000] SLUB: HWalign=64, Order=0-3, MinObjects=0, CPUs=2, Nodes=1
[    0.000000] Kernel/User page tables isolation: enabled
[    0.000000] ftrace: allocating 39429 entries in 155 pages
[    0.004000] Hierarchical RCU implementation.
[    0.004000] 	RCU restricting CPUs from NR_CPUS=8192 to nr_cpu_ids=2.
[    0.004000] 	Tasks RCU enabled.
[    0.004000] RCU: Adjusting geometry for rcu_fanout_leaf=16, nr_cpu_ids=2
[    0.004000] NR_IRQS: 524544, nr_irqs: 440, preallocated irqs: 16
[    0.004000] Console: colour VGA+ 80x25
[    0.004000] console [tty1] enabled
[    0.004000] console [ttyS0] enabled
[    0.004000] ACPI: Core revision 20170831
[    0.004000] ACPI: 2 ACPI AML tables successfully acquired and loaded
[    0.004000] APIC: Switch to symmetric I/O mode setup
[    0.008000] ..TIMER: vector=0x30 apic1=0 pin1=2 apic2=-1 pin2=-1
[    0.008009] tsc: Detected 2303.998 MHz processor
[    0.012018] Calibrating delay loop (skipped) preset value.. 4607.99 BogoMIPS (lpj=9215992)
[    0.016011] pid_max: default: 32768 minimum: 301
[    0.020158] Security Framework initialized
[    0.024009] Yama: becoming mindful.
[    0.028245] AppArmor: AppArmor initialized
[    0.046605] Dentry cache hash table entries: 131072 (order: 8, 1048576 bytes)
[    0.055368] Inode-cache hash table entries: 65536 (order: 7, 524288 bytes)
[    0.056161] Mount-cache hash table entries: 2048 (order: 2, 16384 bytes)
[    0.060127] Mountpoint-cache hash table entries: 2048 (order: 2, 16384 bytes)
[    0.069155] Last level iTLB entries: 4KB 64, 2MB 8, 4MB 8
[    0.072008] Last level dTLB entries: 4KB 64, 2MB 0, 4MB 0, 1GB 4
[    0.076010] Spectre V1 : Mitigation: usercopy/swapgs barriers and __user pointer sanitization
[    0.080008] Spectre V2 : Mitigation: Full generic retpoline
[    0.084007] Spectre V2 : Spectre v2 / SpectreRSB mitigation: Filling RSB on context switch
[    0.088007] Speculative Store Bypass: Vulnerable
[    0.092072] MDS: Mitigation: Clear CPU buffers
[    0.096226] Freeing SMP alternatives memory: 36K
[    0.215632] smpboot: CPU0: Intel(R) Core(TM) i3-7020U CPU @ 2.30GHz (family: 0x6, model: 0x8e, stepping: 0xa)
[    0.220404] Performance Events: unsupported p6 CPU model 142 no PMU driver, software events only.
[    0.224220] Hierarchical SRCU implementation.
[    0.229415] NMI watchdog: Perf event create on CPU 0 failed with -2
[    0.232009] NMI watchdog: Perf NMI watchdog permanently disabled
[    0.236802] smp: Bringing up secondary CPUs ...
[    0.244813] x86: Booting SMP configuration:
[    0.248007] .... node  #0, CPUs:      #1
[    0.004000] kvm-clock: cpu 1, msr 0:3ff44041, secondary cpu clock
[    0.260000] TSC synchronization [CPU#0 -> CPU#1]:
[    0.260000] Measured 361845 cycles TSC warp between CPUs, turning off TSC clock.
[    0.260000] tsc: Marking TSC unstable due to check_tsc_sync_source failed
[    0.268434] smp: Brought up 1 node, 2 CPUs
[    0.272014] smpboot: Max logical packages: 1
[    0.276011] smpboot: Total of 2 processors activated (9215.99 BogoMIPS)
[    0.288343] devtmpfs: initialized
[    0.292190] x86/mm: Memory block size: 128MB
[    0.296722] evm: security.selinux
[    0.300007] evm: security.SMACK64
[    0.304007] evm: security.SMACK64EXEC
[    0.308006] evm: security.SMACK64TRANSMUTE
[    0.312008] evm: security.SMACK64MMAP
[    0.316006] evm: security.apparmor
[    0.320005] evm: security.ima
[    0.324005] evm: security.capability
[    0.332375] clocksource: jiffies: mask: 0xffffffff max_cycles: 0xffffffff, max_idle_ns: 7645041785100000 ns
[    0.336020] futex hash table entries: 512 (order: 3, 32768 bytes)
[    0.340320] pinctrl core: initialized pinctrl subsystem
[    0.344440] RTC time:  0:52:44, date: 04/08/21
[    0.352879] NET: Registered protocol family 16
[    0.356207] audit: initializing netlink subsys (disabled)
[    0.360445] audit: type=2000 audit(1617843172.310:1): state=initialized audit_enabled=0 res=1
[    0.380015] cpuidle: using governor ladder
[    0.384023] cpuidle: using governor menu
[    0.388079] ACPI: bus type PCI registered
[    0.392008] acpiphp: ACPI Hot Plug PCI Controller Driver version: 0.5
[    0.396797] PCI: Using configuration type 1 for base access
[    0.408371] HugeTLB registered 2.00 MiB page size, pre-allocated 0 pages
[    0.420521] ACPI: Added _OSI(Module Device)
[    0.424007] ACPI: Added _OSI(Processor Device)
[    0.428008] ACPI: Added _OSI(3.0 _SCP Extensions)
[    0.432007] ACPI: Added _OSI(Processor Aggregator Device)
[    0.436012] ACPI: Added _OSI(Linux-Dell-Video)
[    0.440010] ACPI: Added _OSI(Linux-Lenovo-NV-HDMI-Audio)
[    0.444015] ACPI: Added _OSI(Linux-HPI-Hybrid-Graphics)
[    0.452036] ACPI: Executed 1 blocks of module-level executable AML code
[    0.464838] ACPI: Interpreter enabled
[    0.468030] ACPI: (supports S0 S5)
[    0.472006] ACPI: Using IOAPIC for interrupt routing
[    0.480305] PCI: Using host bridge windows from ACPI; if necessary, use "pci=nocrs" and report a bug
[    0.484336] ACPI: Enabled 2 GPEs in block 00 to 07
[    0.504201] ACPI: PCI Root Bridge [PCI0] (domain 0000 [bus 00-ff])
[    0.508022] acpi PNP0A03:00: _OSC: OS supports [ASPM ClockPM Segments MSI]
[    0.513168] acpi PNP0A03:00: _OSC: not requesting OS control; OS requires [ExtendedConfig ASPM ClockPM MSI]
[    0.516030] acpi PNP0A03:00: fail to add MMCONFIG information, can't access extended PCI configuration space under this bridge.
[    0.524655] PCI host bridge to bus 0000:00
[    0.528020] pci_bus 0000:00: root bus resource [io  0x0000-0x0cf7 window]
[    0.532096] pci_bus 0000:00: root bus resource [io  0x0d00-0xffff window]
[    0.540016] pci_bus 0000:00: root bus resource [mem 0x000a0000-0x000bffff window]
[    0.544013] pci_bus 0000:00: root bus resource [mem 0x40000000-0xfdffffff window]
[    0.548012] pci_bus 0000:00: root bus resource [bus 00-ff]
[    0.560542] pci 0000:00:01.1: legacy IDE quirk: reg 0x10: [io  0x01f0-0x01f7]
[    0.564009] pci 0000:00:01.1: legacy IDE quirk: reg 0x14: [io  0x03f6]
[    0.568010] pci 0000:00:01.1: legacy IDE quirk: reg 0x18: [io  0x0170-0x0177]
[    0.572012] pci 0000:00:01.1: legacy IDE quirk: reg 0x1c: [io  0x0376]
[    0.656228] pci 0000:00:07.0: quirk: [io  0x4000-0x403f] claimed by PIIX4 ACPI
[    0.692059] pci 0000:00:07.0: quirk: [io  0x4100-0x410f] claimed by PIIX4 SMB
[    0.741842] ACPI: PCI Interrupt Link [LNKA] (IRQs 5 9 10 *11)
[    0.772671] ACPI: PCI Interrupt Link [LNKB] (IRQs 5 9 *10 11)
[    0.792321] ACPI: PCI Interrupt Link [LNKC] (IRQs 5 *9 10 11)
[    0.816668] ACPI: PCI Interrupt Link [LNKD] (IRQs 5 9 10 *11)
[    0.840611] SCSI subsystem initialized
[    0.852349] pci 0000:00:02.0: vgaarb: setting as boot VGA device
[    0.856000] pci 0000:00:02.0: vgaarb: VGA device added: decodes=io+mem,owns=io+mem,locks=none
[    0.904012] pci 0000:00:02.0: vgaarb: bridge control possible
[    0.924008] vgaarb: loaded
[    0.932111] ACPI: bus type USB registered
[    0.944206] usbcore: registered new interface driver usbfs
[    0.960042] usbcore: registered new interface driver hub
[    0.980031] usbcore: registered new device driver usb
[    0.996428] EDAC MC: Ver: 3.0.0
[    1.012009] PCI: Using ACPI for IRQ routing
[    1.024796] NetLabel: Initializing
[    1.036005] NetLabel:  domain hash size = 128
[    1.048005] NetLabel:  protocols = UNLABELED CIPSOv4 CALIPSO
[    1.056049] NetLabel:  unlabeled traffic allowed by default
[    1.064413] clocksource: Switched to clocksource kvm-clock
[    1.164022] VFS: Disk quotas dquot_6.6.0
[    1.171454] VFS: Dquot-cache hash table entries: 512 (order 0, 4096 bytes)
[    1.183527] AppArmor: AppArmor Filesystem Enabled
[    1.193178] pnp: PnP ACPI init
[    1.204064] pnp: PnP ACPI: found 3 devices
[    1.222190] clocksource: acpi_pm: mask: 0xffffff max_cycles: 0xffffff, max_idle_ns: 2085701024 ns
[    1.235394] NET: Registered protocol family 2
[    1.244608] TCP established hash table entries: 8192 (order: 4, 65536 bytes)
[    1.255362] TCP bind hash table entries: 8192 (order: 5, 131072 bytes)
[    1.266762] TCP: Hash tables configured (established 8192 bind 8192)
[    1.277748] UDP hash table entries: 512 (order: 2, 16384 bytes)
[    1.286701] UDP-Lite hash table entries: 512 (order: 2, 16384 bytes)
[    1.296820] NET: Registered protocol family 1
[    1.303485] pci 0000:00:00.0: Limiting direct PCI/PCI transfers
[    1.313021] pci 0000:00:01.0: Activating ISA DMA hang workarounds
[    1.322224] pci 0000:00:02.0: Video device with shadowed ROM at [mem 0x000c0000-0x000dffff]
[    1.336540] Unpacking initramfs...
[    2.388493] Freeing initrd memory: 19224K
[    2.397039] clocksource: tsc: mask: 0xffffffffffffffff max_cycles: 0x2135f5e6f15, max_idle_ns: 440795231538 ns
[    2.410516] platform rtc_cmos: registered platform RTC device (no PNP device found)
[    2.422704] Scanning for low memory corruption every 60 seconds
[    2.435547] Initialise system trusted keyrings
[    2.443613] Key type blacklist registered
[    2.452478] workingset: timestamp_bits=36 max_order=18 bucket_order=0
[    2.467554] zbud: loaded
[    2.475445] squashfs: version 4.0 (2009/01/31) Phillip Lougher
[    2.486480] fuse init (API version 7.26)
[    2.536691] Key type asymmetric registered
[    2.542730] Asymmetric key parser 'x509' registered
[    2.550939] Block layer SCSI generic (bsg) driver version 0.4 loaded (major 246)
[    2.565410] io scheduler noop registered
[    2.571679] io scheduler deadline registered
[    2.580261] io scheduler cfq registered (default)
[    2.588918] ACPI: AC Adapter [AC] (on-line)
[    2.595522] input: Power Button as /devices/LNXSYSTM:00/LNXPWRBN:00/input/input0
[    2.610185] ACPI: Power Button [PWRF]
[    2.616739] input: Sleep Button as /devices/LNXSYSTM:00/LNXSLPBN:00/input/input1
[    2.627909] ACPI: Sleep Button [SLPF]
[    2.637010] Serial: 8250/16550 driver, 32 ports, IRQ sharing enabled
[    2.638883] ACPI: Battery Slot [BAT0] (battery present)
[    2.690981] 00:02: ttyS0 at I/O 0x3f8 (irq = 4, base_baud = 115200) is a 16550A
[    2.707220] Linux agpgart interface v0.103
[    2.721178] loop: module loaded
[    2.729508] scsi host0: ata_piix
[    2.736309] scsi host1: ata_piix
[    2.741613] ata1: PATA max UDMA/33 cmd 0x1f0 ctl 0x3f6 bmdma 0xd000 irq 14
[    2.750637] ata2: PATA max UDMA/33 cmd 0x170 ctl 0x376 bmdma 0xd008 irq 15
[    2.760976] libphy: Fixed MDIO Bus: probed
[    2.767159] tun: Universal TUN/TAP device driver, 1.6
[    2.775580] PPP generic driver version 2.4.2
[    2.783815] ehci_hcd: USB 2.0 'Enhanced' Host Controller (EHCI) Driver
[    2.793938] ehci-pci: EHCI PCI platform driver
[    2.801648] ehci-platform: EHCI generic platform driver
[    2.809962] ohci_hcd: USB 1.1 'Open' Host Controller (OHCI) Driver
[    2.819727] ohci-pci: OHCI PCI platform driver
[    2.828697] ohci-platform: OHCI generic platform driver
[    2.836848] uhci_hcd: USB Universal Host Controller Interface driver
[    2.847869] i8042: PNP: PS/2 Controller [PNP0303:PS2K,PNP0f03:PS2M] at 0x60,0x64 irq 1,12
[    2.866112] serio: i8042 KBD port at 0x60,0x64 irq 1
[    2.873735] serio: i8042 AUX port at 0x60,0x64 irq 12
[    2.881257] mousedev: PS/2 mouse device common for all mice
[    2.891582] input: AT Translated Set 2 keyboard as /devices/platform/i8042/serio0/input/input2
[    2.910729] rtc_cmos rtc_cmos: rtc core: registered rtc_cmos as rtc0
[    2.921468] rtc_cmos rtc_cmos: alarms up to one day, 114 bytes nvram
[    2.931848] i2c /dev entries driver
[    2.938251] device-mapper: uevent: version 1.0.3
[    2.945711] device-mapper: ioctl: 4.37.0-ioctl (2017-09-20) initialised: dm-devel@redhat.com
[    3.004989] ledtrig-cpu: registered to indicate activity on CPUs
[    3.016687] NET: Registered protocol family 10
[    3.037827] Segment Routing with IPv6
[    3.043457] NET: Registered protocol family 17
[    3.052719] Key type dns_resolver registered
[    3.060712] mce: Using 0 MCE banks
[    3.065578] RAS: Correctable Errors collector initialized.
[    3.072215] sched_clock: Marking stable (3072114410, 0)->(4334698652, -1262584242)
[    3.091880] registered taskstats version 1
[    3.098308] Loading compiled-in X.509 certificates
[    3.113403] Loaded X.509 cert 'Build time autogenerated kernel key: f44537957b99d83206ce3e6a27744bf062e80295'
[    3.127320] zswap: loaded using pool lzo/zbud
[    3.159257] Key type big_key registered
[    3.165243] Key type trusted registered
[    3.178688] Key type encrypted registered
[    3.183620] AppArmor: AppArmor sha1 policy hashing enabled
[    3.192593] ima: No TPM chip found, activating TPM-bypass! (rc=-19)
[    3.202411] ima: Allocated hash algorithm: sha1
[    3.209508] evm: HMAC attrs: 0x1
[    3.214182]   Magic number: 1:922:859
[    3.219920] rtc_cmos rtc_cmos: setting system clock to 2021-04-08 00:52:47 UTC (1617843167)
[    3.234521] BIOS EDD facility v0.16 2004-Jun-25, 0 devices found
[    3.247215] EDD information not available.
[    3.263361] Freeing unused kernel image memory: 2440K
[    3.301114] Write protecting the kernel read-only data: 20480k
[    3.312204] Freeing unused kernel image memory: 2008K
[    3.320247] Freeing unused kernel image memory: 1868K
[    3.340086] x86/mm: Checked W+X mappings: passed, no W+X pages found.
[    3.347465] x86/mm: Checking user space page tables
[    3.361674] x86/mm: Checked W+X mappings: passed, no W+X pages found.
Loading, please wait...
starting version 237
[    3.533619] Fusion MPT base driver 3.04.20
[    3.540924] Copyright (c) 1999-2008 LSI Corporation
[    3.596201] e1000: Intel(R) PRO/1000 Network Driver - version 7.3.21-k8-NAPI
[    3.605981] e1000: Copyright (c) 1999-2006 Intel Corporation.
[    3.666091] Fusion MPT SPI Host driver 3.04.20
[    4.338221] input: ImExPS/2 Generic Explorer Mouse as /devices/platform/i8042/serio1/input/input4
[    4.738706] e1000 0000:00:03.0 eth0: (PCI:33MHz:32-bit) 02:05:85:8a:28:11
[    4.749884] e1000 0000:00:03.0 eth0: Intel(R) PRO/1000 Network Connection
[    4.765027] mptbase: ioc0: Initiating bringup
[    4.765885] e1000 0000:00:03.0 enp0s3: renamed from eth0
[    4.879972] ioc0: LSI53C1030 A0: Capabilities={Initiator}
[    5.153489] scsi host2: ioc0: LSI53C1030 A0, FwRev=00000000h, Ports=1, MaxQ=256, IRQ=20
[    5.334754] scsi 2:0:0:0: Direct-Access     VBOX     HARDDISK         1.0  PQ: 0 ANSI: 5
[    6.248078] scsi target2:0:0: Beginning Domain Validation
[    6.268685] scsi target2:0:0: Domain Validation skipping write tests
[    6.277190] scsi target2:0:0: Ending Domain Validation
[    6.287030] scsi target2:0:0: asynchronous
[    6.295109] random: fast init done
[    6.301515] scsi 2:0:1:0: Direct-Access     VBOX     HARDDISK         1.0  PQ: 0 ANSI: 5
[    7.924000] scsi target2:0:1: Beginning Domain Validation
[    7.945191] scsi target2:0:1: Domain Validation skipping write tests
[    7.954373] scsi target2:0:1: Ending Domain Validation
[    7.963269] scsi target2:0:1: asynchronous
[    7.991204] random: systemd-udevd: uninitialized urandom read (16 bytes read)
[    7.996601] sd 2:0:0:0: [sda] 83886080 512-byte logical blocks: (42.9 GB/40.0 GiB)
[    8.004951] random: systemd-udevd: uninitialized urandom read (16 bytes read)
[    8.020745] sd 2:0:0:0: Attached scsi generic sg0 type 0
[    8.031450] random: systemd-udevd: uninitialized urandom read (16 bytes read)
[    8.056431] sd 2:0:0:0: [sda] Write Protect is off
[    8.061865] sd 2:0:1:0: [sdb] 20480 512-byte logical blocks: (10.5 MB/10.0 MiB)
[    8.095696] sd 2:0:1:0: Attached scsi generic sg1 type 0
[    8.114196] sd 2:0:1:0: [sdb] Write Protect is off
[    8.129382] sd 2:0:0:0: [sda] Incomplete mode parameter data
[    8.129385] sd 2:0:0:0: [sda] Assuming drive cache: write through
[    8.165886]  sda: sda1
[    8.171934] sd 2:0:1:0: [sdb] Incomplete mode parameter data
[    8.189131] sd 2:0:1:0: [sdb] Assuming drive cache: write through
[    8.192646] sd 2:0:0:0: [sda] Attached SCSI disk
[    8.223181] sd 2:0:1:0: [sdb] Attached SCSI disk
Begin: Loading essential drivers ... [   11.236222] raid6: sse2x1   gen()  6057 MB/s
[   11.288334] raid6: sse2x1   xor()  4399 MB/s
[   11.340657] raid6: sse2x2   gen()  8276 MB/s
[   11.392428] raid6: sse2x2   xor()  5540 MB/s
[   11.444208] raid6: sse2x4   gen()  9153 MB/s
[   11.496446] raid6: sse2x4   xor()  4527 MB/s
[   11.502689] raid6: using algorithm sse2x4 gen() 9153 MB/s
[   11.510720] raid6: .... xor() 4527 MB/s, rmw enabled
[   11.518698] raid6: using ssse3x2 recovery algorithm
[   11.531200] xor: measuring software checksum speed
[   11.576248]    prefetch64-sse: 11129.000 MB/sec
[   11.620828]    generic_sse: 11210.000 MB/sec
[   11.627444] xor: using function: generic_sse (11210.000 MB/sec)
[   11.643307] async_tx: api initialized (async)
done.
Begin: Running /scripts/init-premount ... done.
Begin: Mounting root file system ... Begin: Running /scripts/local-top ... done.
Begin: Running /scripts/local-premount ... [   11.792796] Btrfs loaded, crc32c=crc32c-intel
Scanning for Btrfs filesystems
done.
Warning: fsck not present, so skipping root file system
[   11.892669] EXT4-fs (sda1): mounted filesystem with ordered data mode. Opts: (null)
done.
Begin: Running /scripts/local-bottom ... done.
Begin: Running /scripts/init-bottom ... done.
[   12.255866] ip_tables: (C) 2000-2006 Netfilter Core Team
[   12.291779] systemd[1]: systemd 237 running in system mode. (+PAM +AUDIT +SELINUX +IMA +APPARMOR +SMACK +SYSVINIT +UTMP +LIBCRYPTSETUP +GCRYPT +GNUTLS +ACL +XZ +LZ4 +SECCOMP +BLKID +ELFUTILS +KMOD -IDN2 +IDN -PCRE2 default-hierarchy=hybrid)
[   12.319610] systemd[1]: Detected virtualization oracle.
[   12.325928] systemd[1]: Detected architecture x86-64.

Welcome to [1mUbuntu 18.04.5 LTS[0m!

[   12.387458] systemd[1]: Set hostname to <ubuntu>.
[   12.413215] systemd[1]: Initializing machine ID from random generator.
[   12.421335] systemd[1]: Installed transient /etc/machine-id file.
[   13.015109] systemd[1]: Reached target Swap.
[[0;32m  OK  [0m] Reached target Swap.
[   13.023769] systemd[1]: Reached target User and Group Name Lookups.
[[0;32m  OK  [0m] Reached target User and Group Name Lookups.
[   13.035302] systemd[1]: Started Forward Password Requests to Wall Directory Watch.
[[0;32m  OK  [0m] Started Forward Password Requests to Wall Directory Watch.
[   13.068943] systemd[1]: Created slice User and Session Slice.
[[0;32m  OK  [0m] Created slice User and Session Slice.
[[0;32m  OK  [0m] Created slice System Slice.
[[0;32m  OK  [0m] Listening on LVM2 metadata daemon socket.
[[0;32m  OK  [0m] Listening on Device-mapper event daemon FIFOs.
[[0;32m  OK  [0m] Listening on Journal Socket (/dev/log).
[[0;32m  OK  [0m] Listening on /dev/initctl Compatibility Named Pipe.
[[0;32m  OK  [0m] Listening on udev Control Socket.
[[0;32m  OK  [0m] Listening on LVM2 poll daemon socket.
[[0;32m  OK  [0m] Listening on Journal Socket.
         Starting Load Kernel Modules...
         Starting Set the console keyboard layout...
         Starting Uncomplicated firewall...
[[0;32m  OK  [0m] Reached target Slices.
[[0;32m  OK  [0m] Listening on Journal Audit Socket.
         Mounting Huge Pages File System...
         Starting Create list of required st…ce nodes for the current kernel...
         Mounting Kernel Debug File System...
         Mounting POSIX Message Queue File System...
[[0;32m  OK  [0m] Listening on Network Service Netlink Socket.
[[0;32m  OK  [0m] Listening on Syslog Socket.
[   13.208681] Loading iSCSI transport class v2.0-870.
         Starting Journal Service...
[[0;32m  OK  [0m] Created slice system-serial\x2dgetty.slice.
[[0;32m  OK  [0m] Set up automount Arbitrary Executab…rmats File System Automount Point.
[[0;32m  OK  [0m] Listening on udev Kernel Socket.
         Starting udev Coldplug all Devices...
[[0;32m  OK  [0m] Reached target System Time Synchronized.
         Starting Monitoring of LVM2 mirrors…ng dmeventd or progress polling...
[[0;32m  OK  [0m] Listening on fsck to fsckd communication Socket.
         Starting File System Check on Root Device...
[[0;32m  OK  [0m] Started Uncomplicated firewall.
[[0;32m  OK  [0m] Mounted Huge Pages File System.
[[0;32m  OK  [0m] Mounted Kernel Debug File System.
[[0;32m  OK  [0m] Mounted POSIX Message Queue File System.
[[0;32m  OK  [0m] Started Create list of required sta…vice nodes for the current kernel.
         Starting Create Static Device Nodes in /dev...
[[0;32m  OK  [0m] Started File System Check Daemon to report status.
[[0;32m  OK  [0m] Started LVM2 metadata daemon.
[   13.418990] iscsi: registered transport (tcp)
[[0;32m  OK  [0m] Started Journal Service.
[[0;32m  OK  [0m] Started Create Static Device Nodes in /dev.
[[0;32m  OK  [0m] Started udev Coldplug all Devices.
[[0;32m  OK  [0m] Started Monitoring of LVM2 mirrors,…sing dmeventd or progress polling.
[[0;32m  OK  [0m] Started File System Check on Root Device.
         Starting Remount Root and Kernel File Systems...
[   13.688374] EXT4-fs (sda1): re-mounted. Opts: (null)
[   13.698251] iscsi: registered transport (iser)
[[0;32m  OK  [0m] Started Remount Root and Kernel File Systems.
[[0;32m  OK  [0m] Started Load Kernel Modules.
         Mounting FUSE Control File System...
         Starting Apply Kernel Variables...
         Mounting Kernel Configuration File System...
         Starting Load/Save Random Seed...
         Starting udev Kernel Device Manager...
         Starting Flush Journal to Persistent Storage...
[[0;32m  OK  [0m] Mounted FUSE Control File System.
[[0;32m  OK  [0m] Mounted Kernel Configuration File System.
[[0;32m  OK  [0m] Started Load/Save Random Seed.
[   13.797757] systemd-journald[385]: Received request to flush runtime journal from PID 1
[[0;32m  OK  [0m] Started Apply Kernel Variables.
[[0;32m  OK  [0m] Started Set the console keyboard layout.
[[0;32m  OK  [0m] Reached target Local File Systems (Pre).
[[0;32m  OK  [0m] Reached target Local File Systems.
         Starting ebtables ruleset management...
         Starting Tell Plymouth To Write Out Runtime Data...
         Starting Commit a transient machine-id on disk...
         Starting Set console font and keymap...
         Starting AppArmor initialization...
[[0;32m  OK  [0m] Started Flush Journal to Persistent Storage.
         Starting Create Volatile Files and Directories...
[[0;32m  OK  [0m] Started Tell Plymouth To Write Out Runtime Data.
[[0;32m  OK  [0m] Started udev Kernel Device Manager.
[[0;32m  OK  [0m] Started Dispatch Password Requests to Console Directory Watch.
[[0;32m  OK  [0m] Reached target Local Encrypted Volumes.
[[0;32m  OK  [0m] Started Set console font and keymap.
[[0;32m  OK  [0m] Started Create Volatile Files and Directories.
         Starting Update UTMP about System Boot/Shutdown...
[[0;32m  OK  [0m] Started Commit a transient machine-id on disk.
[[0;32m  OK  [0m] Started Update UTMP about System Boot/Shutdown.
[[0;32m  OK  [0m] Started ebtables ruleset management.
[[0;32m  OK  [0m] Found device /dev/ttyS0.
[[0;32m  OK  [0m] Listening on Load/Save RF Kill Switch Status /dev/rfkill Watch.
[[0;32m  OK  [0m] Started AppArmor initialization.
         Starting Initial cloud-init job (pre-networking)...
         Starting Load AppArmor profiles managed internally by snapd...
[[0;32m  OK  [0m] Started Load AppArmor profiles managed internally by snapd.
[   19.503178] cloud-init[516]: Cloud-init v. 20.4.1-0ubuntu1~18.04.1 running 'init-local' at Thu, 08 Apr 2021 00:53:02 +0000. Up 18.56 seconds.
[[0;32m  OK  [0m] Started Initial cloud-init job (pre-networking).
[[0;32m  OK  [0m] Reached target Network (Pre).
         Starting Network Service...
[[0;32m  OK  [0m] Started Network Service.
         Starting Network Name Resolution...
         Starting Wait for Network to be Configured...
[[0;32m  OK  [0m] Started Network Name Resolution.
[[0;32m  OK  [0m] Reached target Host and Network Name Lookups.
[[0;32m  OK  [0m] Reached target Network.
[[0;32m  OK  [0m] Started Wait for Network to be Configured.
         Starting Initial cloud-init job (metadata service crawler)...
[   22.200056] cloud-init[645]: Cloud-init v. 20.4.1-0ubuntu1~18.04.1 running 'init' at Thu, 08 Apr 2021 00:53:06 +0000. Up 21.90 seconds.
[   22.218564] cloud-init[645]: ci-info: +++++++++++++++++++++++++++++++++++++Net device info++++++++++++++++++++++++++++++++++++++
[   22.235708] cloud-init[645]: ci-info: +--------+------+---------------------------+---------------+--------+-------------------+
[   22.255966] cloud-init[645]: ci-info: | Device |  Up  |          Address          |      Mask     | Scope  |     Hw-Address    |
[   22.271669] cloud-init[645]: ci-info: +--------+------+---------------------------+---------------+--------+-------------------+
[   22.287145] cloud-init[645]: ci-info: | enp0s3 | True |         10.0.2.15         | 255.255.255.0 | global | 02:05:85:8a:28:11 |
[   22.302676] cloud-init[645]: ci-info: | enp0s3 | True | fe80::5:85ff:fe8a:2811/64 |       .       |  link  | 02:05:85:8a:28:11 |
[   22.316689] cloud-init[645]: ci-info: |   lo   | True |         127.0.0.1         |   255.0.0.0   |  host  |         .         |
[   22.332307] cloud-init[645]: ci-info: |   lo   | True |          ::1/128          |       .       |  host  |         .         |
[   22.354014] cloud-init[645]: ci-info: +--------+------+---------------------------+---------------+--------+-------------------+
[   22.372822] cloud-init[645]: ci-info: ++++++++++++++++++++++++++++Route IPv4 info+++++++++++++++++++++++++++++
[   22.386487] cloud-init[645]: ci-info: +-------+-------------+----------+-----------------+-----------+-------+
[   22.399840] cloud-init[645]: ci-info: | Route | Destination | Gateway  |     Genmask     | Interface | Flags |
[   22.413099] cloud-init[645]: ci-info: +-------+-------------+----------+-----------------+-----------+-------+
[   22.426852] cloud-init[645]: ci-info: |   0   |   0.0.0.0   | 10.0.2.2 |     0.0.0.0     |   enp0s3  |   UG  |
[   22.441692] cloud-init[645]: ci-info: |   1   |   10.0.2.0  | 0.0.0.0  |  255.255.255.0  |   enp0s3  |   U   |
[   22.456347] cloud-init[645]: ci-info: |   2   |   10.0.2.2  | 0.0.0.0  | 255.255.255.255 |   enp0s3  |   UH  |
[   22.470044] cloud-init[645]: ci-info: +-------+-------------+----------+-----------------+-----------+-------+
[   22.483033] cloud-init[645]: ci-info: +++++++++++++++++++Route IPv6 info+++++++++++++++++++
[   22.493161] cloud-init[645]: ci-info: +-------+-------------+---------+-----------+-------+
[   22.504872] cloud-init[645]: ci-info: | Route | Destination | Gateway | Interface | Flags |
[   22.516023] cloud-init[645]: ci-info: +-------+-------------+---------+-----------+-------+
[   22.528497] cloud-init[645]: ci-info: |   1   |  fe80::/64  |    ::   |   enp0s3  |   U   |
[   22.542099] cloud-init[645]: ci-info: |   3   |    local    |    ::   |   enp0s3  |   U   |
[   22.557468] cloud-init[645]: ci-info: |   4   |   ff00::/8  |    ::   |   enp0s3  |   U   |
[   22.571979] cloud-init[645]: ci-info: +-------+-------------+---------+-----------+-------+
[   24.167807] cloud-init[645]: Generating public/private rsa key pair.
[   24.181581] cloud-init[645]: Your identification has been saved in /etc/ssh/ssh_host_rsa_key.
[   24.196880] cloud-init[645]: Your public key has been saved in /etc/ssh/ssh_host_rsa_key.pub.
[   24.213378] cloud-init[645]: The key fingerprint is:
[   24.223261] cloud-init[645]: SHA256:7bMPmkuJOlPBfNFXc12sX6a8OyUVcHx1/q5JfF6oLj0 root@ubuntu-bionic
[   24.237909] cloud-init[645]: The key's randomart image is:
[   24.252882] cloud-init[645]: +---[RSA 2048]----+
[   24.263057] cloud-init[645]: |         .   o=oO|
[   24.273373] cloud-init[645]: |        . . . .*=|
[   24.285925] cloud-init[645]: |     o   . .   .+|
[   24.295728] cloud-init[645]: |      + ..    . =|
[   24.306228] cloud-init[645]: |       oS .  . =o|
[   24.321634] cloud-init[645]: |      .. o   .+oo|
[   24.340028] cloud-init[645]: |     .. o +.  +++|
[   24.352248] cloud-init[645]: |    o. . o.+Eoo=.|
[   24.364942] cloud-init[645]: |    .o  +..++.+o.|
[[0;32m  OK  [0m] Started Initial cloud-init job (metadata service crawler).
[[0;32m  OK  [0m] Reached target Cloud-config availability.
[[0;32m  OK  [0m] Reached target Network is Online.
[   24.390202] cloud-init[645]: +----[SHA256]-----+
[[0;32m  OK  [0m] Reached target Remote File Systems (Pre).
[   24.402250] [[0;32m  OK  [0m] Reached target Remote File Systems.
         Starting Availability of block devices...
[[0;32m  OK  [0m] Reached target System Initialization.
[[0;32m  OK  [0m] Started ACPI Events Check.
[[0;32m  OK  [0m] Started Daily Cleanup of Temporary Directories.
[[0;32m  OK  [0m] Reached target Paths.
[[0;32m  OK  [0m] Listening on Open-iSCSI iscsid Socket.
[[0;32m  OK  [0m] Listening on D-Bus System Message Bus Socket.
         Starting LXD - unix socket.
[[0;32m  OK  [0m] Started Message of the Day.
[[0;32m  OK  [0m] Listening on UUID daemon activation socket.
[[0;32m  OK  [0m] Started Daily apt download activities.
[[0;32m  OK  [0m] Started Daily apt upgrade and clean activities.
[[0;32m  OK  [0m] Listening on ACPID Listen Socket.
[[0;32m  OK  [0m] Started Discard unused blocks once a week.
[[0;32m  OK  [0m] Reached target Timers.
         Starting Socket activation for snappy daemon.
cloud-init[645]: Generating public/private dsa key pair.
[   24.498200] [[0;32m  OK  [0m] Started Availability of block devices.
cloud-init[645]: Your identification has been saved in /etc/ssh/ssh_host_dsa_key.[[0;32m  OK  [0m] Listening on LXD - unix socket.

[[0;32m  OK  [0m] Listening on Socket activation for snappy daemon.
[[0;32m  OK  [0m] Reached target Sockets.
[[0;32m  OK  [0m] Reached target Basic System.
[   24.527877] cloud-init[645]: Your public key has been saved in /etc/ssh/ssh_host_dsa_key.pub.
         Starting Login Service...
[   24.559599] cloud-init[645]: The key fingerprint is:
[   24.570822] cloud-init[645]: SHA256:PI1zrqhkbWe06nzC9GNpovzC9oKkxbfidRaZcsjnL3s root@ubuntu-bionic
[   24.585482] cloud-init[645]: The key's randomart image is:
[   24.595958] cloud-init[645]: +---[DSA 1024]----+
[[0;32m  OK  [0m] Started Regular background program processing daemon.
[   24.606080] cloud-init[645]: |                 |
         Starting Accounts Service...
[   24.632530] cloud-init[645]: |                 |
[   24.638341] cloud-init[645]: |                 |
         Starting Dispatcher daemon for systemd-networkd...
[   24.652623] cloud-init[645]: |   . . + o       |
[   24.671932] cloud-init[645]:          Starting Pollinate to seed the pseudo random number generator...
| .  + * S o      |
[   24.685291] cloud-init[645]: |  + .*.o *       |
[   24.690667] cloud-init[645]: | + +++*.+..      |
         Starting LSB: automatic crash report generation...
[   24.702950] cloud-init[645]: |. o=*==*E.       |
[   24.713698] cloud-init[645]: | ..o+OOXo.       |
[[0;32m  OK  [0m] Started D-Bus System Message Bus.
[   24.724745] cloud-init[645]: +----[SHA256]-----+
[   24.737059] cloud-init[645]: Generating public/private ecdsa key pair.
[   24.742692] cloud-init[645]: Your identification has been saved in /etc/ssh/ssh_host_ecdsa_key.
[   24.749820] cloud-init[645]: Your public key has been saved in /etc/ssh/ssh_host_ecdsa_key.pub.
[   24.755788] cloud-init[645]: The key fingerprint is:
[   24.760444] cloud-init[645]: SHA256:Z1nv2GMa4F0pg5U2NTlfvDV4RBgPyByP3t7+wtdFxxE root@ubuntu-bionic
[   24.772293] cloud-init[645]: The key's randomart image is:
[   24.780475] cloud-init[645]: +---[ECDSA 256]---+
[   24.784999] cloud-init[645]: |          o.ooOE.|
[   24.789533] cloud-init[645]: |           +o===+|
[   24.793380] cloud-init[645]: |           .*..=*|
[   24.797726] cloud-init[645]: |          .*.o o=|
[   24.801951] cloud-init[645]: |        S *.o.+..|
[   24.805790] cloud-init[645]: |         + o.B. .|
[   24.812858] cloud-init[645]: |          . +o=.o|
[   24.822097] cloud-init[645]: |             ++.o|
[   24.826498] cloud-init[645]: |            .  +o|
[   24.831315] cloud-init[645]: +----[SHA256]-----+
[   24.837882] cloud-init[645]: Generating public/private ed25519 key pair.
[   24.846642] cloud-init[645]: Your identification has been saved in /etc/ssh/ssh_host_ed25519_key.
[   24.861217] cloud-init[645]: Your public key has been saved in /etc/ssh/ssh_host_ed25519_key.pub.
[   24.896842] cloud-init[645]: The key fingerprint is:
[   24.905606] cloud-init[645]: SHA256:+UGDSI49CugRjcjy054lhHMbjLyQKgUToKfAoVNowks root@ubuntu-bionic
[   24.918838] cloud-init[645]: The key's randomart image is:
[   24.925178] cloud-init[645]: +--[ED25519 256]--+
[   24.934261] cloud-init[645]: |XO++  .          |
[   24.949312] cloud-init[645]: |@EO.== . .       |
[   24.976804] cloud-init[645]: |%*+*.o= . o      |
[   24.997672] cloud-init[645]: [[0;32m  OK  [0m] Started Deferred execution scheduler.
|===.+... o .     |
         Starting System Logging Service...
[   25.030633] cloud-init[645]: |o. o.+  S .      |
         Starting Virtualbox guest utils...
         Starting LXD - container startup/shutdown...
[   25.069514] cloud-init[645]: |    o    . .     |
[   25.079421] cloud-init[645]: |          .      |
[   25.084997] cloud-init[645]: |                 |
[   25.090471] cloud-init[645]: |                 |
[   25.098013] cloud-init[645]: +----[SHA256]-----+
[[0;32m  OK  [0m] Started irqbalance daemon.
         Starting Permit User Sessions...
[[0;32m  OK  [0m] Started FUSE filesystem for LXC.
         Starting Snap Daemon...
         Starting LSB: Record successful boot for GRUB...
[[0;32m  OK  [0m] Started Permit User Sessions.
[[0;32m  OK  [0m] Started Login Service.
[[0;32m  OK  [0m] Started System Logging Service.
         Starting Authorization Manager...
[[0;32m  OK  [0m] Started Unattended Upgrades Shutdown.
         Starting Terminate Plymouth Boot Screen...
         Starting Hold until boot process finishes up...
[[0;32m  OK  [0m] Started LSB: automatic crash report generation.
[[0;32m  OK  [0m] Started Terminate Plymouth Boot Screen.
[[0;32m  OK  [0m] Started Hold until boot process finishes up.
         Starting Set console scheme...
[[0;32m  OK  [0m] Started Serial Getty on ttyS0.
[[0;32m  OK  [0m] Started Set console scheme.
[[0;32m  OK  [0m] Created slice system-getty.slice.
[[0;32m  OK  [0m] Started Getty on tty1.
[[0;32m  OK  [0m] Reached target Login Prompts.
[[0;32m  OK  [0m] Started Authorization Manager.
[[0;32m  OK  [0m] Started Accounts Service.
[[0;32m  OK  [0m] Started LSB: Record successful boot for GRUB.
[[0;32m  OK  [0m] Started LXD - container startup/shutdown.
[[0;32m  OK  [0m] Started Virtualbox guest utils.
[[0;32m  OK  [0m] Started Dispatcher daemon for systemd-networkd.
[[0;32m  OK  [0m] Started Snap Daemon.
         Starting Wait until snapd is fully seeded...
[[0;32m  OK  [0m] Started Pollinate to seed the pseudo random number generator.
         Starting OpenBSD Secure Shell server...
[[0;32m  OK  [0m] Started OpenBSD Secure Shell server.
[[0;32m  OK  [0m] Created slice User Slice of vagrant.
         Starting User Manager for UID 1000...
[[0;32m  OK  [0m] Started Session 1 of user vagrant.
[[0;32m  OK  [0m] Started User Manager for UID 1000.
[[0;32m  OK  [0m] Started Wait until snapd is fully seeded.
         Starting Apply the settings specified in cloud-config...
[[0;32m  OK  [0m] Reached target Multi-User System.
[[0;32m  OK  [0m] Reached target Graphical Interface.
         Starting Update UTMP about System Runlevel Changes...
[[0;32m  OK  [0m] Started Update UTMP about System Runlevel Changes.

Ubuntu 18.04.5 LTS ubuntu-bionic ttyS0

ubuntu-bionic login: [   32.229443] cloud-init[1017]: Cloud-init v. 20.4.1-0ubuntu1~18.04.1 running 'modules:config' at Thu, 08 Apr 2021 00:53:15 +0000. Up 31.07 seconds.
ci-info: no authorized SSH keys fingerprints found for user ubuntu.
<14>Apr  8 00:53:18 ec2: 
<14>Apr  8 00:53:18 ec2: #############################################################
<14>Apr  8 00:53:18 ec2: -----BEGIN SSH HOST KEY FINGERPRINTS-----
<14>Apr  8 00:53:18 ec2: 1024 SHA256:PI1zrqhkbWe06nzC9GNpovzC9oKkxbfidRaZcsjnL3s root@ubuntu-bionic (DSA)
<14>Apr  8 00:53:18 ec2: 256 SHA256:Z1nv2GMa4F0pg5U2NTlfvDV4RBgPyByP3t7+wtdFxxE root@ubuntu-bionic (ECDSA)
<14>Apr  8 00:53:18 ec2: 256 SHA256:+UGDSI49CugRjcjy054lhHMbjLyQKgUToKfAoVNowks root@ubuntu-bionic (ED25519)
<14>Apr  8 00:53:18 ec2: 2048 SHA256:7bMPmkuJOlPBfNFXc12sX6a8OyUVcHx1/q5JfF6oLj0 root@ubuntu-bionic (RSA)
<14>Apr  8 00:53:18 ec2: -----END SSH HOST KEY FINGERPRINTS-----
<14>Apr  8 00:53:18 ec2: #############################################################
-----BEGIN SSH HOST KEY KEYS-----
ecdsa-sha2-nistp256 AAAAE2VjZHNhLXNoYTItbmlzdHAyNTYAAAAIbmlzdHAyNTYAAABBBO3jNkJkOE7gZK8wAvO76znaI/Kw3DPoUc7zOh0i/+nLN2PS648kFTZxYb72VCH2aAs8lARLG8wVY/zHY6PKkBA= root@ubuntu-bionic
ssh-ed25519 AAAAC3NzaC1lZDI1NTE5AAAAILxa0Sk5I6NEURZq2DUebO4vf+6Ug9QMmi8I4Syp0RkT root@ubuntu-bionic
ssh-rsa AAAAB3NzaC1yc2EAAAADAQABAAABAQCiu9M619wZHR8v4oeyEc6s9NtrjJjwB6jQSsFMUJJpSOEg1E/JJboDRI4JuvnD7KZupY2WqeKwYvBC2OgFvzrE5Pi9HHQMs5QY0XTIbjqyaQAUiYdObKprevOGwj/h3h6ydgyb6hUUcs6903YnA5iw0qdAglGIibkjZgTHn8yaeaI2Uyq7AnVzP2zhZxSkQIcZL9LW1aIZYpzGu9kX3H3kiE6kH+aGqfINr8l586k9kynaByhRGOanq+u97P6NcyuIP62tD56ASQqBSaooMEBabc80B7s597Akldqd+tUGL5v4D2UvDyfBQdghkeWxSl1qMIDVfby+NDvby8kZnTm9 root@ubuntu-bionic
-----END SSH HOST KEY KEYS-----
[   34.633620] cloud-init[1089]: Cloud-init v. 20.4.1-0ubuntu1~18.04.1 running 'modules:final' at Thu, 08 Apr 2021 00:53:18 +0000. Up 34.07 seconds.
[   34.633800] cloud-init[1089]: ci-info: no authorized SSH keys fingerprints found for user ubuntu.
[   34.633863] cloud-init[1089]: Cloud-init v. 20.4.1-0ubuntu1~18.04.1 finished at Thu, 08 Apr 2021 00:53:18 +0000. Datasource DataSourceNoCloud [seed=/dev/sdb][dsmode=net].  Up 34.56 seconds
